Arguments: 
  /usr/bin/node /usr/bin/yarn run dev

PATH: 
  /home/chronojam/bin:/usr/local/bin:/usr/bin:/bin:/usr/local/games:/usr/games:/home/chronojam/bin:/usr/local/go/bin:/home/chronojam/bin:/usr/local/go/bin

Yarn version: 
  1.13.0

Node version: 
  11.6.0

Platform: 
  linux x64

Trace: 
  SyntaxError: /home/chronojam/src/github.com/chronojam/submariner/client/package.json: Unexpected token } in JSON at position 324
      at JSON.parse (<anonymous>)
      at /usr/lib/node_modules/yarn/lib/cli.js:1625:59
      at Generator.next (<anonymous>)
      at step (/usr/lib/node_modules/yarn/lib/cli.js:304:30)
      at /usr/lib/node_modules/yarn/lib/cli.js:315:13

npm manifest: 
  {
    "name": "rollup-starter-app",
    "devDependencies": {
      "npm-run-all": "^4.1.3",
      "rollup": "^0.60.1",
      "rollup-plugin-commonjs": "^9.1.3",
      "rollup-plugin-node-resolve": "^3.3.0",
      "rollup-plugin-uglify": "^4.0.0",
      "serve": "^8.1.2"
    },
    "dependencies": {
      "@createjs/easeljs": "^2.0.0-beta.4",
    },
    "scripts": {
      "build": "rollup -c",
      "watch": "rollup -c -w",
      "dev": "npm-run-all --parallel start watch",
      "start": "serve public"
    }
  }

yarn manifest: 
  No manifest

Lockfile: 
  # THIS IS AN AUTOGENERATED FILE. DO NOT EDIT THIS FILE DIRECTLY.
  # yarn lockfile v1
  
  
  "@babel/code-frame@^7.0.0-beta.47":
    version "7.0.0"
    resolved "https://registry.yarnpkg.com/@babel/code-frame/-/code-frame-7.0.0.tgz#06e2ab19bdb535385559aabb5ba59729482800f8"
    integrity sha512-OfC2uemaknXr87bdLUkWog7nYuliM9Ij5HUcajsVcMCpQrcLmtxRbVFTIqmcSkSeYRBFBRxs2FiUqFJDLdiebA==
    dependencies:
      "@babel/highlight" "^7.0.0"
  
  "@babel/highlight@^7.0.0":
    version "7.0.0"
    resolved "https://registry.yarnpkg.com/@babel/highlight/-/highlight-7.0.0.tgz#f710c38c8d458e6dd9a201afb637fcb781ce99e4"
    integrity sha512-UFMC4ZeFC48Tpvj7C8UgLvtkaUuovQX+5xNWrsIoMG8o2z+XFKjKaN9iVmS84dPwVN00W4wPmqvYoZF3EGAsfw==
    dependencies:
      chalk "^2.0.0"
      esutils "^2.0.2"
      js-tokens "^4.0.0"
  
  "@createjs/core@^2.0.0-beta.4":
    version "2.0.0-beta.4"
    resolved "https://registry.yarnpkg.com/@createjs/core/-/core-2.0.0-beta.4.tgz#f98c7c60b35659c35dc2646da9af2b9ed14333fd"
    integrity sha512-+csRjNJozE+C+4JfPEOV7lL6czWHB/+hBpA/oY4JeuVwEsLisaTzwEvfDd6XUUeK3ldlU14RzxZZYD5fDx7gBw==
  
  "@createjs/easeljs@^2.0.0-beta.4":
    version "2.0.0-beta.4"
    resolved "https://registry.yarnpkg.com/@createjs/easeljs/-/easeljs-2.0.0-beta.4.tgz#48dc7d05f9bab8ce48d644be5838311577963fdc"
    integrity sha512-jaZQ4qm71177xJ4NT1EAWNSf3eI5EfWvDHufJ9QaVMQxjW+eMkh8QTZg7U9jPwll/6l9XegSToZZokTYaPM59A==
    dependencies:
      "@createjs/core" "^2.0.0-beta.4"
      "@createjs/tweenjs" "^2.0.0-beta.4"
  
  "@createjs/tweenjs@^2.0.0-beta.4":
    version "2.0.0-beta.4"
    resolved "https://registry.yarnpkg.com/@createjs/tweenjs/-/tweenjs-2.0.0-beta.4.tgz#909afc765892bc0d2260c472b1e12d9197ebe732"
    integrity sha512-8TBzHn76mKR0PSUcLx3qxfJSMysOdsgYbJFoG/YeH/ViTWBOwmGVeZr6SIylFbqGHLtUyXDQEvSa1enSGUT5XQ==
    dependencies:
      "@createjs/core" "^2.0.0-beta.4"
  
  "@types/estree@0.0.39":
    version "0.0.39"
    resolved "https://registry.yarnpkg.com/@types/estree/-/estree-0.0.39.tgz#e177e699ee1b8c22d23174caaa7422644389509f"
    integrity sha512-EYNwp3bU+98cpU4lAWYYL7Zz+2gryWH1qbdDTidVd6hkiR6weksdbMadyXKXNPEkQFhXM+hVO9ZygomHXp+AIw==
  
  "@types/node@*":
    version "10.12.21"
    resolved "https://registry.yarnpkg.com/@types/node/-/node-10.12.21.tgz#7e8a0c34cf29f4e17a36e9bd0ea72d45ba03908e"
    integrity sha512-CBgLNk4o3XMnqMc0rhb6lc77IwShMEglz05deDcn2lQxyXEZivfwgYJu7SMha9V5XcrP6qZuevTHV/QrN2vjKQ==
  
  "@types/q@^1.5.1":
    version "1.5.1"
    resolved "https://registry.yarnpkg.com/@types/q/-/q-1.5.1.tgz#48fd98c1561fe718b61733daed46ff115b496e18"
    integrity sha512-eqz8c/0kwNi/OEHQfvIuJVLTst3in0e7uTKeuY+WL/zfKn0xVujOTp42bS/vUUokhK5P2BppLd9JXMOMHcgbjA==
  
  "@zeit/schemas@1.2.0":
    version "1.2.0"
    resolved "https://registry.yarnpkg.com/@zeit/schemas/-/schemas-1.2.0.tgz#89e47b2f2bd41cdb52f54ff23038ccd9b1eb30da"
    integrity sha512-iceEQm4zFjgAVUPAj8Wto62xUJxOxicXULWFD2q9Z2Rwi1pVnz1QlDMfNTuNZUULmV7/0xFpOthf8JK8xpTYZA==
  
  ajv@6.5.1:
    version "6.5.1"
    resolved "https://registry.yarnpkg.com/ajv/-/ajv-6.5.1.tgz#88ebc1263c7133937d108b80c5572e64e1d9322d"
    integrity sha512-pgZos1vgOHDiC7gKNbZW8eKvCnNXARv2oqrGQT7Hzbq5Azp7aZG6DJzADnkuSq7RH6qkXp4J/m68yPX/2uBHyQ==
    dependencies:
      fast-deep-equal "^2.0.1"
      fast-json-stable-stringify "^2.0.0"
      json-schema-traverse "^0.4.1"
      uri-js "^4.2.1"
  
  alphanum-sort@^1.0.0:
    version "1.0.2"
    resolved "https://registry.yarnpkg.com/alphanum-sort/-/alphanum-sort-1.0.2.tgz#97a1119649b211ad33691d9f9f486a8ec9fbe0a3"
    integrity sha1-l6ERlkmyEa0zaR2fn0hqjsn74KM=
  
  ansi-regex@^2.0.0:
    version "2.1.1"
    resolved "https://registry.yarnpkg.com/ansi-regex/-/ansi-regex-2.1.1.tgz#c3b33ab5ee360d86e0e628f0468ae7ef27d654df"
    integrity sha1-w7M6te42DYbg5ijwRorn7yfWVN8=
  
  ansi-styles@^2.2.1:
    version "2.2.1"
    resolved "https://registry.yarnpkg.com/ansi-styles/-/ansi-styles-2.2.1.tgz#b432dd3358b634cf75e1e4664368240533c1ddbe"
    integrity sha1-tDLdM1i2NM914eRmQ2gkBTPB3b4=
  
  ansi-styles@^3.2.1:
    version "3.2.1"
    resolved "https://registry.yarnpkg.com/ansi-styles/-/ansi-styles-3.2.1.tgz#41fbb20243e50b12be0f04b8dedbf07520ce841d"
    integrity sha512-VT0ZI6kZRdTh8YyJw3SMbYm/u+NqfsAxEpWO0Pf9sq8/e94WxxOpPKx9FR1FlyCtOVDNOQ+8ntlqFxiRc+r5qA==
    dependencies:
      color-convert "^1.9.0"
  
  arg@2.0.0:
    version "2.0.0"
    resolved "https://registry.yarnpkg.com/arg/-/arg-2.0.0.tgz#c06e7ff69ab05b3a4a03ebe0407fac4cba657545"
    integrity sha512-XxNTUzKnz1ctK3ZIcI2XUPlD96wbHP2nGqkPKpvk/HNRlPveYrXIVSTk9m3LcqOgDPg3B1nMvdV/K8wZd7PG4w==
  
  argparse@^1.0.7:
    version "1.0.10"
    resolved "https://registry.yarnpkg.com/argparse/-/argparse-1.0.10.tgz#bcd6791ea5ae09725e17e5ad988134cd40b3d911"
    integrity sha512-o5Roy6tNG4SL/FOkCAN6RzjiakZS25RLYFrcMttJqbdd8BWrnA+fGz57iN5Pb06pvBGvl5gQ0B48dJlslXvoTg==
    dependencies:
      sprintf-js "~1.0.2"
  
  arr-diff@^2.0.0:
    version "2.0.0"
    resolved "https://registry.yarnpkg.com/arr-diff/-/arr-diff-2.0.0.tgz#8f3b827f955a8bd669697e4a4256ac3ceae356cf"
    integrity sha1-jzuCf5Vai9ZpaX5KQlasPOrjVs8=
    dependencies:
      arr-flatten "^1.0.1"
  
  arr-flatten@^1.0.1:
    version "1.1.0"
    resolved "https://registry.yarnpkg.com/arr-flatten/-/arr-flatten-1.1.0.tgz#36048bbff4e7b47e136644316c99669ea5ae91f1"
    integrity sha512-L3hKV5R/p5o81R7O02IGnwpDmkp6E982XhtbuwSe3O4qOtMMMtodicASA1Cny2U+aCXcNpml+m4dPsvsJ3jatg==
  
  array-filter@~0.0.0:
    version "0.0.1"
    resolved "https://registry.yarnpkg.com/array-filter/-/array-filter-0.0.1.tgz#7da8cf2e26628ed732803581fd21f67cacd2eeec"
    integrity sha1-fajPLiZijtcygDWB/SH2fKzS7uw=
  
  array-map@~0.0.0:
    version "0.0.0"
    resolved "https://registry.yarnpkg.com/array-map/-/array-map-0.0.0.tgz#88a2bab73d1cf7bcd5c1b118a003f66f665fa662"
    integrity sha1-iKK6tz0c97zVwbEYoAP2b2ZfpmI=
  
  array-reduce@~0.0.0:
    version "0.0.0"
    resolved "https://registry.yarnpkg.com/array-reduce/-/array-reduce-0.0.0.tgz#173899d3ffd1c7d9383e4479525dbe278cab5f2b"
    integrity sha1-FziZ0//Rx9k4PkR5Ul2+J4yrXys=
  
  array-unique@^0.2.1:
    version "0.2.1"
    resolved "https://registry.yarnpkg.com/array-unique/-/array-unique-0.2.1.tgz#a1d97ccafcbc2625cc70fadceb36a50c58b01a53"
    integrity sha1-odl8yvy8JiXMcPrc6zalDFiwGlM=
  
  balanced-match@^1.0.0:
    version "1.0.0"
    resolved "https://registry.yarnpkg.com/balanced-match/-/balanced-match-1.0.0.tgz#89b4d199ab2bee49de164ea02b89ce462d71b767"
    integrity sha1-ibTRmasr7kneFk6gK4nORi1xt2c=
  
  big.js@^3.1.3:
    version "3.2.0"
    resolved "https://registry.yarnpkg.com/big.js/-/big.js-3.2.0.tgz#a5fc298b81b9e0dca2e458824784b65c52ba588e"
    integrity sha512-+hN/Zh2D08Mx65pZ/4g5bsmNiZUuChDiQfTUQ7qJr4/kuopCr88xZsAXv6mBoZEsUI4OuGHlX59qE94K2mMW8Q==
  
  boolbase@^1.0.0, boolbase@~1.0.0:
    version "1.0.0"
    resolved "https://registry.yarnpkg.com/boolbase/-/boolbase-1.0.0.tgz#68dff5fbe60c51eb37725ea9e3ed310dcc1e776e"
    integrity sha1-aN/1++YMUes3cl6p4+0xDcwed24=
  
  brace-expansion@^1.1.7:
    version "1.1.11"
    resolved "https://registry.yarnpkg.com/brace-expansion/-/brace-expansion-1.1.11.tgz#3c7fcbf529d87226f3d2f52b966ff5271eb441dd"
    integrity sha512-iCuPHDFgrHX7H2vEI/5xpz07zSHB00TpugqhmYtVmMO6518mCuRMoOYFldEBl0g187ufozdaHgWKcYFb61qGiA==
    dependencies:
      balanced-match "^1.0.0"
      concat-map "0.0.1"
  
  braces@^1.8.2:
    version "1.8.5"
    resolved "https://registry.yarnpkg.com/braces/-/braces-1.8.5.tgz#ba77962e12dff969d6b76711e914b737857bf6a7"
    integrity sha1-uneWLhLf+WnWt2cR6RS3N4V79qc=
    dependencies:
      expand-range "^1.8.1"
      preserve "^0.2.0"
      repeat-element "^1.1.2"
  
  browserslist@^4.0.0:
    version "4.4.1"
    resolved "https://registry.yarnpkg.com/browserslist/-/browserslist-4.4.1.tgz#42e828954b6b29a7a53e352277be429478a69062"
    integrity sha512-pEBxEXg7JwaakBXjATYw/D1YZh4QUSCX/Mnd/wnqSRPPSi1U39iDhDoKGoBUcraKdxDlrYqJxSI5nNvD+dWP2A==
    dependencies:
      caniuse-lite "^1.0.30000929"
      electron-to-chromium "^1.3.103"
      node-releases "^1.1.3"
  
  builtin-modules@^1.0.0:
    version "1.1.1"
    resolved "https://registry.yarnpkg.com/builtin-modules/-/builtin-modules-1.1.1.tgz#270f076c5a72c02f5b65a47df94c5fe3a278892f"
    integrity sha1-Jw8HbFpywC9bZaR9+Uxf46J4iS8=
  
  builtin-modules@^2.0.0:
    version "2.0.0"
    resolved "https://registry.yarnpkg.com/builtin-modules/-/builtin-modules-2.0.0.tgz#60b7ef5ae6546bd7deefa74b08b62a43a232648e"
    integrity sha512-3U5kUA5VPsRUA3nofm/BXX7GVHKfxz0hOBAPxXrIvHzlDRkQVqEn6yi8QJegxl4LzOHLdvb7XF5dVawa/VVYBg==
  
  bytes@3.0.0:
    version "3.0.0"
    resolved "https://registry.yarnpkg.com/bytes/-/bytes-3.0.0.tgz#d32815404d689699f85a4ea4fa8755dd13a96048"
    integrity sha1-0ygVQE1olpn4Wk6k+odV3ROpYEg=
  
  caller-callsite@^2.0.0:
    version "2.0.0"
    resolved "https://registry.yarnpkg.com/caller-callsite/-/caller-callsite-2.0.0.tgz#847e0fce0a223750a9a027c54b33731ad3154134"
    integrity sha1-hH4PzgoiN1CpoCfFSzNzGtMVQTQ=
    dependencies:
      callsites "^2.0.0"
  
  caller-path@^2.0.0:
    version "2.0.0"
    resolved "https://registry.yarnpkg.com/caller-path/-/caller-path-2.0.0.tgz#468f83044e369ab2010fac5f06ceee15bb2cb1f4"
    integrity sha1-Ro+DBE42mrIBD6xfBs7uFbsssfQ=
    dependencies:
      caller-callsite "^2.0.0"
  
  callsites@^2.0.0:
    version "2.0.0"
    resolved "https://registry.yarnpkg.com/callsites/-/callsites-2.0.0.tgz#06eb84f00eea413da86affefacbffb36093b3c50"
    integrity sha1-BuuE8A7qQT2oav/vrL/7Ngk7PFA=
  
  caniuse-api@^3.0.0:
    version "3.0.0"
    resolved "https://registry.yarnpkg.com/caniuse-api/-/caniuse-api-3.0.0.tgz#5e4d90e2274961d46291997df599e3ed008ee4c0"
    integrity sha512-bsTwuIg/BZZK/vreVTYYbSWoe2F+71P7K5QGEX+pT250DZbfU1MQ5prOKpPR+LL6uWKK3KMwMCAS74QB3Um1uw==
    dependencies:
      browserslist "^4.0.0"
      caniuse-lite "^1.0.0"
      lodash.memoize "^4.1.2"
      lodash.uniq "^4.5.0"
  
  caniuse-lite@^1.0.0, caniuse-lite@^1.0.30000929:
    version "1.0.30000933"
    resolved "https://registry.yarnpkg.com/caniuse-lite/-/caniuse-lite-1.0.30000933.tgz#5871ff54b3177675ae1c2a275b2aae7abf2b9222"
    integrity sha512-d3QXv7eFTU40DSedSP81dV/ajcGSKpT+GW+uhtWmLvQm9bPk0KK++7i1e2NSW/CXGZhWFt2mFbFtCJ5I5bMuVA==
  
  chalk@2.4.1:
    version "2.4.1"
    resolved "https://registry.yarnpkg.com/chalk/-/chalk-2.4.1.tgz#18c49ab16a037b6eb0152cc83e3471338215b66e"
    integrity sha512-ObN6h1v2fTJSmUXoS3nMQ92LbDK9be4TV+6G+omQlGJFdcUX5heKi1LZ1YnRMIgwTLEj3E24bT6tYni50rlCfQ==
    dependencies:
      ansi-styles "^3.2.1"
      escape-string-regexp "^1.0.5"
      supports-color "^5.3.0"
  
  chalk@^1.1.3:
    version "1.1.3"
    resolved "https://registry.yarnpkg.com/chalk/-/chalk-1.1.3.tgz#a8115c55e4a702fe4d150abd3872822a7e09fc98"
    integrity sha1-qBFcVeSnAv5NFQq9OHKCKn4J/Jg=
    dependencies:
      ansi-styles "^2.2.1"
      escape-string-regexp "^1.0.2"
      has-ansi "^2.0.0"
      strip-ansi "^3.0.0"
      supports-color "^2.0.0"
  
  chalk@^2.0.0, chalk@^2.4.1, chalk@^2.4.2:
    version "2.4.2"
    resolved "https://registry.yarnpkg.com/chalk/-/chalk-2.4.2.tgz#cd42541677a54333cf541a49108c1432b44c9424"
    integrity sha512-Mti+f9lpJNcwF4tWV8/OrTTtF1gZi+f8FqlyAdouralcFWFQWF2+NgCHShjkCb+IFBLq9buZwE1xckQU4peSuQ==
    dependencies:
      ansi-styles "^3.2.1"
      escape-string-regexp "^1.0.5"
      supports-color "^5.3.0"
  
  coa@~2.0.1:
    version "2.0.2"
    resolved "https://registry.yarnpkg.com/coa/-/coa-2.0.2.tgz#43f6c21151b4ef2bf57187db0d73de229e3e7ec3"
    integrity sha512-q5/jG+YQnSy4nRTV4F7lPepBJZ8qBNJJDBuJdoejDyLXgmL7IEo+Le2JDZudFTFt7mrCqIRaSjws4ygRCTCAXA==
    dependencies:
      "@types/q" "^1.5.1"
      chalk "^2.4.1"
      q "^1.1.2"
  
  color-convert@^1.9.0, color-convert@^1.9.1:
    version "1.9.3"
    resolved "https://registry.yarnpkg.com/color-convert/-/color-convert-1.9.3.tgz#bb71850690e1f136567de629d2d5471deda4c1e8"
    integrity sha512-QfAUtd+vFdAtFQcC8CCyYt1fYWxSqAiK2cSD6zDB8N3cpsEBAvRxp9zOGg6G/SHHJYAT88/az/IuDGALsNVbGg==
    dependencies:
      color-name "1.1.3"
  
  color-name@1.1.3:
    version "1.1.3"
    resolved "https://registry.yarnpkg.com/color-name/-/color-name-1.1.3.tgz#a7d0558bd89c42f795dd42328f740831ca53bc25"
    integrity sha1-p9BVi9icQveV3UIyj3QIMcpTvCU=
  
  color-name@^1.0.0:
    version "1.1.4"
    resolved "https://registry.yarnpkg.com/color-name/-/color-name-1.1.4.tgz#c2a09a87acbde69543de6f63fa3995c826c536a2"
    integrity sha512-dOy+3AuW3a2wNbZHIuMZpTcgjGuLU/uBL/ubcZF9OXbDo8ff4O8yVp5Bf0efS8uEoYo5q4Fx7dY9OgQGXgAsQA==
  
  color-string@^1.5.2:
    version "1.5.3"
    resolved "https://registry.yarnpkg.com/color-string/-/color-string-1.5.3.tgz#c9bbc5f01b58b5492f3d6857459cb6590ce204cc"
    integrity sha512-dC2C5qeWoYkxki5UAXapdjqO672AM4vZuPGRQfO8b5HKuKGBbKWpITyDYN7TOFKvRW7kOgAn3746clDBMDJyQw==
    dependencies:
      color-name "^1.0.0"
      simple-swizzle "^0.2.2"
  
  color@^3.0.0:
    version "3.1.0"
    resolved "https://registry.yarnpkg.com/color/-/color-3.1.0.tgz#d8e9fb096732875774c84bf922815df0308d0ffc"
    integrity sha512-CwyopLkuRYO5ei2EpzpIh6LqJMt6Mt+jZhO5VI5f/wJLZriXQE32/SSqzmrh+QB+AZT81Cj8yv+7zwToW8ahZg==
    dependencies:
      color-convert "^1.9.1"
      color-string "^1.5.2"
  
  colors@~1.1.2:
    version "1.1.2"
    resolved "https://registry.yarnpkg.com/colors/-/colors-1.1.2.tgz#168a4701756b6a7f51a12ce0c97bfa28c084ed63"
    integrity sha1-FopHAXVran9RoSzgyXv6KMCE7WM=
  
  commander@~2.17.1:
    version "2.17.1"
    resolved "https://registry.yarnpkg.com/commander/-/commander-2.17.1.tgz#bd77ab7de6de94205ceacc72f1716d29f20a77bf"
    integrity sha512-wPMUt6FnH2yzG95SA6mzjQOEKUU3aLaDEmzs1ti+1E9h+CsrZghRlqEM/EJ4KscsQVG8uNN4uVreUeT8+drlgg==
  
  concat-map@0.0.1:
    version "0.0.1"
    resolved "https://registry.yarnpkg.com/concat-map/-/concat-map-0.0.1.tgz#d8a96bd77fd68df7793a73036a3ba0d5405d477b"
    integrity sha1-2Klr13/Wjfd5OnMDajug1UBdR3s=
  
  concat-with-sourcemaps@^1.0.5:
    version "1.1.0"
    resolved "https://registry.yarnpkg.com/concat-with-sourcemaps/-/concat-with-sourcemaps-1.1.0.tgz#d4ea93f05ae25790951b99e7b3b09e3908a4082e"
    integrity sha512-4gEjHJFT9e+2W/77h/DS5SGUgwDaOwprX8L/gl5+3ixnzkVJJsZWDSelmN3Oilw3LNDZjZV0yqH1hLG3k6nghg==
    dependencies:
      source-map "^0.6.1"
  
  content-disposition@0.5.2:
    version "0.5.2"
    resolved "https://registry.yarnpkg.com/content-disposition/-/content-disposition-0.5.2.tgz#0cf68bb9ddf5f2be7961c3a85178cb85dba78cb4"
    integrity sha1-DPaLud318r55YcOoUXjLhdunjLQ=
  
  cosmiconfig@^4.0.0:
    version "4.0.0"
    resolved "https://registry.yarnpkg.com/cosmiconfig/-/cosmiconfig-4.0.0.tgz#760391549580bbd2df1e562bc177b13c290972dc"
    integrity sha512-6e5vDdrXZD+t5v0L8CrurPeybg4Fmf+FCSYxXKYVAqLUtyCSbuyqE059d0kDthTNRzKVjL7QMgNpEUlsoYH3iQ==
    dependencies:
      is-directory "^0.3.1"
      js-yaml "^3.9.0"
      parse-json "^4.0.0"
      require-from-string "^2.0.1"
  
  cosmiconfig@^5.0.0:
    version "5.0.7"
    resolved "https://registry.yarnpkg.com/cosmiconfig/-/cosmiconfig-5.0.7.tgz#39826b292ee0d78eda137dfa3173bd1c21a43b04"
    integrity sha512-PcLqxTKiDmNT6pSpy4N6KtuPwb53W+2tzNvwOZw0WH9N6O0vLIBq0x8aj8Oj75ere4YcGi48bDFCL+3fRJdlNA==
    dependencies:
      import-fresh "^2.0.0"
      is-directory "^0.3.1"
      js-yaml "^3.9.0"
      parse-json "^4.0.0"
  
  cross-spawn@^6.0.5:
    version "6.0.5"
    resolved "https://registry.yarnpkg.com/cross-spawn/-/cross-spawn-6.0.5.tgz#4a5ec7c64dfae22c3a14124dbacdee846d80cbc4"
    integrity sha512-eTVLrBSt7fjbDygz805pMnstIs2VTBNkRm0qxZd+M7A5XDdxVRWO5MxGBXZhjY4cqLYLdtrGqRf8mBPmzwSpWQ==
    dependencies:
      nice-try "^1.0.4"
      path-key "^2.0.1"
      semver "^5.5.0"
      shebang-command "^1.2.0"
      which "^1.2.9"
  
  css-color-names@0.0.4, css-color-names@^0.0.4:
    version "0.0.4"
    resolved "https://registry.yarnpkg.com/css-color-names/-/css-color-names-0.0.4.tgz#808adc2e79cf84738069b646cb20ec27beb629e0"
    integrity sha1-gIrcLnnPhHOAabZGyyDsJ762KeA=
  
  css-declaration-sorter@^4.0.1:
    version "4.0.1"
    resolved "https://registry.yarnpkg.com/css-declaration-sorter/-/css-declaration-sorter-4.0.1.tgz#c198940f63a76d7e36c1e71018b001721054cb22"
    integrity sha512-BcxQSKTSEEQUftYpBVnsH4SF05NTuBokb19/sBt6asXGKZ/6VP7PLG1CBCkFDYOnhXhPh0jMhO6xZ71oYHXHBA==
    dependencies:
      postcss "^7.0.1"
      timsort "^0.3.0"
  
  css-modules-loader-core@^1.1.0:
    version "1.1.0"
    resolved "https://registry.yarnpkg.com/css-modules-loader-core/-/css-modules-loader-core-1.1.0.tgz#5908668294a1becd261ae0a4ce21b0b551f21d16"
    integrity sha1-WQhmgpShvs0mGuCkziGwtVHyHRY=
    dependencies:
      icss-replace-symbols "1.1.0"
      postcss "6.0.1"
      postcss-modules-extract-imports "1.1.0"
      postcss-modules-local-by-default "1.2.0"
      postcss-modules-scope "1.1.0"
      postcss-modules-values "1.3.0"
  
  css-select-base-adapter@~0.1.0:
    version "0.1.1"
    resolved "https://registry.yarnpkg.com/css-select-base-adapter/-/css-select-base-adapter-0.1.1.tgz#3b2ff4972cc362ab88561507a95408a1432135d7"
    integrity sha512-jQVeeRG70QI08vSTwf1jHxp74JoZsr2XSgETae8/xC8ovSnL2WF87GTLO86Sbwdt2lK4Umg4HnnwMO4YF3Ce7w==
  
  css-select@^2.0.0:
    version "2.0.2"
    resolved "https://registry.yarnpkg.com/css-select/-/css-select-2.0.2.tgz#ab4386cec9e1f668855564b17c3733b43b2a5ede"
    integrity sha512-dSpYaDVoWaELjvZ3mS6IKZM/y2PMPa/XYoEfYNZePL4U/XgyxZNroHEHReDx/d+VgXh9VbCTtFqLkFbmeqeaRQ==
    dependencies:
      boolbase "^1.0.0"
      css-what "^2.1.2"
      domutils "^1.7.0"
      nth-check "^1.0.2"
  
  css-selector-tokenizer@^0.7.0:
    version "0.7.1"
    resolved "https://registry.yarnpkg.com/css-selector-tokenizer/-/css-selector-tokenizer-0.7.1.tgz#a177271a8bca5019172f4f891fc6eed9cbf68d5d"
    integrity sha512-xYL0AMZJ4gFzJQsHUKa5jiWWi2vH77WVNg7JYRyewwj6oPh4yb/y6Y9ZCw9dsj/9UauMhtuxR+ogQd//EdEVNA==
    dependencies:
      cssesc "^0.1.0"
      fastparse "^1.1.1"
      regexpu-core "^1.0.0"
  
  css-tree@1.0.0-alpha.28:
    version "1.0.0-alpha.28"
    resolved "https://registry.yarnpkg.com/css-tree/-/css-tree-1.0.0-alpha.28.tgz#8e8968190d886c9477bc8d61e96f61af3f7ffa7f"
    integrity sha512-joNNW1gCp3qFFzj4St6zk+Wh/NBv0vM5YbEreZk0SD4S23S+1xBKb6cLDg2uj4P4k/GUMlIm6cKIDqIG+vdt0w==
    dependencies:
      mdn-data "~1.1.0"
      source-map "^0.5.3"
  
  css-tree@1.0.0-alpha.29:
    version "1.0.0-alpha.29"
    resolved "https://registry.yarnpkg.com/css-tree/-/css-tree-1.0.0-alpha.29.tgz#3fa9d4ef3142cbd1c301e7664c1f352bd82f5a39"
    integrity sha512-sRNb1XydwkW9IOci6iB2xmy8IGCj6r/fr+JWitvJ2JxQRPzN3T4AGGVWCMlVmVwM1gtgALJRmGIlWv5ppnGGkg==
    dependencies:
      mdn-data "~1.1.0"
      source-map "^0.5.3"
  
  css-unit-converter@^1.1.1:
    version "1.1.1"
    resolved "https://registry.yarnpkg.com/css-unit-converter/-/css-unit-converter-1.1.1.tgz#d9b9281adcfd8ced935bdbaba83786897f64e996"
    integrity sha1-2bkoGtz9jO2TW9urqDeGiX9k6ZY=
  
  css-url-regex@^1.1.0:
    version "1.1.0"
    resolved "https://registry.yarnpkg.com/css-url-regex/-/css-url-regex-1.1.0.tgz#83834230cc9f74c457de59eebd1543feeb83b7ec"
    integrity sha1-g4NCMMyfdMRX3lnuvRVD/uuDt+w=
  
  css-what@^2.1.2:
    version "2.1.2"
    resolved "https://registry.yarnpkg.com/css-what/-/css-what-2.1.2.tgz#c0876d9d0480927d7d4920dcd72af3595649554d"
    integrity sha512-wan8dMWQ0GUeF7DGEPVjhHemVW/vy6xUYmFzRY8RYqgA0JtXC9rJmbScBjqSu6dg9q0lwPQy6ZAmJVr3PPTvqQ==
  
  cssesc@^0.1.0:
    version "0.1.0"
    resolved "https://registry.yarnpkg.com/cssesc/-/cssesc-0.1.0.tgz#c814903e45623371a0477b40109aaafbeeaddbb4"
    integrity sha1-yBSQPkViM3GgR3tAEJqq++6t27Q=
  
  cssesc@^2.0.0:
    version "2.0.0"
    resolved "https://registry.yarnpkg.com/cssesc/-/cssesc-2.0.0.tgz#3b13bd1bb1cb36e1bcb5a4dcd27f54c5dcb35703"
    integrity sha512-MsCAG1z9lPdoO/IUMLSBWBSVxVtJ1395VGIQ+Fc2gNdkQ1hNDnQdw3YhA71WJCBW1vdwA0cAnk/DnW6bqoEUYg==
  
  cssnano-preset-default@^4.0.6:
    version "4.0.6"
    resolved "https://registry.yarnpkg.com/cssnano-preset-default/-/cssnano-preset-default-4.0.6.tgz#92379e2a6db4a91c0ea727f5f556eeac693eab6a"
    integrity sha512-UPboYbFaJFtDUhJ4fqctThWbbyF4q01/7UhsZbLzp35l+nUxtzh1SifoVlEfyLM3n3Z0htd8B1YlCxy9i+bQvg==
    dependencies:
      css-declaration-sorter "^4.0.1"
      cssnano-util-raw-cache "^4.0.1"
      postcss "^7.0.0"
      postcss-calc "^7.0.0"
      postcss-colormin "^4.0.2"
      postcss-convert-values "^4.0.1"
      postcss-discard-comments "^4.0.1"
      postcss-discard-duplicates "^4.0.2"
      postcss-discard-empty "^4.0.1"
      postcss-discard-overridden "^4.0.1"
      postcss-merge-longhand "^4.0.10"
      postcss-merge-rules "^4.0.2"
      postcss-minify-font-values "^4.0.2"
      postcss-minify-gradients "^4.0.1"
      postcss-minify-params "^4.0.1"
      postcss-minify-selectors "^4.0.1"
      postcss-normalize-charset "^4.0.1"
      postcss-normalize-display-values "^4.0.1"
      postcss-normalize-positions "^4.0.1"
      postcss-normalize-repeat-style "^4.0.1"
      postcss-normalize-string "^4.0.1"
      postcss-normalize-timing-functions "^4.0.1"
      postcss-normalize-unicode "^4.0.1"
      postcss-normalize-url "^4.0.1"
      postcss-normalize-whitespace "^4.0.1"
      postcss-ordered-values "^4.1.1"
      postcss-reduce-initial "^4.0.2"
      postcss-reduce-transforms "^4.0.1"
      postcss-svgo "^4.0.1"
      postcss-unique-selectors "^4.0.1"
  
  cssnano-util-get-arguments@^4.0.0:
    version "4.0.0"
    resolved "https://registry.yarnpkg.com/cssnano-util-get-arguments/-/cssnano-util-get-arguments-4.0.0.tgz#ed3a08299f21d75741b20f3b81f194ed49cc150f"
    integrity sha1-7ToIKZ8h11dBsg87gfGU7UnMFQ8=
  
  cssnano-util-get-match@^4.0.0:
    version "4.0.0"
    resolved "https://registry.yarnpkg.com/cssnano-util-get-match/-/cssnano-util-get-match-4.0.0.tgz#c0e4ca07f5386bb17ec5e52250b4f5961365156d"
    integrity sha1-wOTKB/U4a7F+xeUiULT1lhNlFW0=
  
  cssnano-util-raw-cache@^4.0.1:
    version "4.0.1"
    resolved "https://registry.yarnpkg.com/cssnano-util-raw-cache/-/cssnano-util-raw-cache-4.0.1.tgz#b26d5fd5f72a11dfe7a7846fb4c67260f96bf282"
    integrity sha512-qLuYtWK2b2Dy55I8ZX3ky1Z16WYsx544Q0UWViebptpwn/xDBmog2TLg4f+DBMg1rJ6JDWtn96WHbOKDWt1WQA==
    dependencies:
      postcss "^7.0.0"
  
  cssnano-util-same-parent@^4.0.0:
    version "4.0.1"
    resolved "https://registry.yarnpkg.com/cssnano-util-same-parent/-/cssnano-util-same-parent-4.0.1.tgz#574082fb2859d2db433855835d9a8456ea18bbf3"
    integrity sha512-WcKx5OY+KoSIAxBW6UBBRay1U6vkYheCdjyVNDm85zt5K9mHoGOfsOsqIszfAqrQQFIIKgjh2+FDgIj/zsl21Q==
  
  cssnano@^4.1.8:
    version "4.1.8"
    resolved "https://registry.yarnpkg.com/cssnano/-/cssnano-4.1.8.tgz#8014989679d5fd42491e4499a521dbfb85c95fd1"
    integrity sha512-5GIY0VzAHORpbKiL3rMXp4w4M1Ki+XlXgEXyuWXVd3h6hlASb+9Vo76dNP56/elLMVBBsUfusCo1q56uW0UWig==
    dependencies:
      cosmiconfig "^5.0.0"
      cssnano-preset-default "^4.0.6"
      is-resolvable "^1.0.0"
      postcss "^7.0.0"
  
  csso@^3.5.0:
    version "3.5.1"
    resolved "https://registry.yarnpkg.com/csso/-/csso-3.5.1.tgz#7b9eb8be61628973c1b261e169d2f024008e758b"
    integrity sha512-vrqULLffYU1Q2tLdJvaCYbONStnfkfimRxXNaGjxMldI0C7JPBC4rB1RyjhfdZ4m1frm8pM9uRPKH3d2knZ8gg==
    dependencies:
      css-tree "1.0.0-alpha.29"
  
  deep-extend@^0.6.0:
    version "0.6.0"
    resolved "https://registry.yarnpkg.com/deep-extend/-/deep-extend-0.6.0.tgz#c4fa7c95404a17a9c3e8ca7e1537312b736330ac"
    integrity sha512-LOHxIOaPYdHlJRtCQfDIVZtfw/ufM8+rVj649RIHzcm/vGwQRXFt6OPqIFWsm2XEMrNIEtWR64sY1LEKD2vAOA==
  
  define-properties@^1.1.2, define-properties@^1.1.3:
    version "1.1.3"
    resolved "https://registry.yarnpkg.com/define-properties/-/define-properties-1.1.3.tgz#cf88da6cbee26fe6db7094f61d870cbd84cee9f1"
    integrity sha512-3MqfYKj2lLzdMSf8ZIZE/V+Zuy+BgD6f164e8K2w7dgnpKArBDerGYpM46IYYcjnkdPNMjPk9A6VFB8+3SKlXQ==
    dependencies:
      object-keys "^1.0.12"
  
  dom-serializer@0:
    version "0.1.0"
    resolved "https://registry.yarnpkg.com/dom-serializer/-/dom-serializer-0.1.0.tgz#073c697546ce0780ce23be4a28e293e40bc30c82"
    integrity sha1-BzxpdUbOB4DOI75KKOKT5AvDDII=
    dependencies:
      domelementtype "~1.1.1"
      entities "~1.1.1"
  
  domelementtype@1:
    version "1.3.1"
    resolved "https://registry.yarnpkg.com/domelementtype/-/domelementtype-1.3.1.tgz#d048c44b37b0d10a7f2a3d5fee3f4333d790481f"
    integrity sha512-BSKB+TSpMpFI/HOxCNr1O8aMOTZ8hT3pM3GQ0w/mWRmkhEDSFJkkyzz4XQsBV44BChwGkrDfMyjVD0eA2aFV3w==
  
  domelementtype@~1.1.1:
    version "1.1.3"
    resolved "https://registry.yarnpkg.com/domelementtype/-/domelementtype-1.1.3.tgz#bd28773e2642881aec51544924299c5cd822185b"
    integrity sha1-vSh3PiZCiBrsUVRJJCmcXNgiGFs=
  
  domutils@^1.7.0:
    version "1.7.0"
    resolved "https://registry.yarnpkg.com/domutils/-/domutils-1.7.0.tgz#56ea341e834e06e6748af7a1cb25da67ea9f8c2a"
    integrity sha512-Lgd2XcJ/NjEw+7tFvfKxOzCYKZsdct5lczQ2ZaQY8Djz7pfAD3Gbp8ySJWtreII/vDlMVmxwa6pHmdxIYgttDg==
    dependencies:
      dom-serializer "0"
      domelementtype "1"
  
  dot-prop@^4.1.1:
    version "4.2.0"
    resolved "https://registry.yarnpkg.com/dot-prop/-/dot-prop-4.2.0.tgz#1f19e0c2e1aa0e32797c49799f2837ac6af69c57"
    integrity sha512-tUMXrxlExSW6U2EXiiKGSBVdYgtV8qlHL+C10TsW4PURY/ic+eaysnSkwB4kA/mBlCyy/IKDJ+Lc3wbWeaXtuQ==
    dependencies:
      is-obj "^1.0.0"
  
  electron-to-chromium@^1.3.103:
    version "1.3.111"
    resolved "https://registry.yarnpkg.com/electron-to-chromium/-/electron-to-chromium-1.3.111.tgz#9bde11c953425c1756f85c66e61de2b74ced75d0"
    integrity sha512-I2QjmmxWULp89fEHlFwRpKXSw4Y/Igo3u41py4MkzJTrgDOf/S4oq/IMuTUHze/5TTPpwem74oQiPMEgFtuDRA==
  
  emojis-list@^2.0.0:
    version "2.1.0"
    resolved "https://registry.yarnpkg.com/emojis-list/-/emojis-list-2.1.0.tgz#4daa4d9db00f9819880c79fa457ae5b09a1fd389"
    integrity sha1-TapNnbAPmBmIDHn6RXrlsJof04k=
  
  entities@~1.1.1:
    version "1.1.2"
    resolved "https://registry.yarnpkg.com/entities/-/entities-1.1.2.tgz#bdfa735299664dfafd34529ed4f8522a275fea56"
    integrity sha512-f2LZMYl1Fzu7YSBKg+RoROelpOaNrcGmE9AZubeDfrCEia483oW4MI4VyFd5VNHIgQ/7qm1I0wUHK1eJnn2y2w==
  
  error-ex@^1.3.1:
    version "1.3.2"
    resolved "https://registry.yarnpkg.com/error-ex/-/error-ex-1.3.2.tgz#b4ac40648107fdcdcfae242f428bea8a14d4f1bf"
    integrity sha512-7dFHNmqeFSEt2ZBsCriorKnn3Z2pj+fd9kmI6QoWw4//DL+icEBfc0U7qJCisqrTsKTjw4fNFy2pW9OqStD84g==
    dependencies:
      is-arrayish "^0.2.1"
  
  es-abstract@^1.12.0, es-abstract@^1.4.3, es-abstract@^1.5.1:
    version "1.13.0"
    resolved "https://registry.yarnpkg.com/es-abstract/-/es-abstract-1.13.0.tgz#ac86145fdd5099d8dd49558ccba2eaf9b88e24e9"
    integrity sha512-vDZfg/ykNxQVwup/8E1BZhVzFfBxs9NqMzGcvIJrqg5k2/5Za2bWo40dK2J1pgLngZ7c+Shh8lwYtLGyrwPutg==
    dependencies:
      es-to-primitive "^1.2.0"
      function-bind "^1.1.1"
      has "^1.0.3"
      is-callable "^1.1.4"
      is-regex "^1.0.4"
      object-keys "^1.0.12"
  
  es-to-primitive@^1.2.0:
    version "1.2.0"
    resolved "https://registry.yarnpkg.com/es-to-primitive/-/es-to-primitive-1.2.0.tgz#edf72478033456e8dda8ef09e00ad9650707f377"
    integrity sha512-qZryBOJjV//LaxLTV6UC//WewneB3LcXOL9NP++ozKVXsIIIpm/2c13UDiD9Jp2eThsecw9m3jPqDwTyobcdbg==
    dependencies:
      is-callable "^1.1.4"
      is-date-object "^1.0.1"
      is-symbol "^1.0.2"
  
  escape-string-regexp@^1.0.2, escape-string-regexp@^1.0.5:
    version "1.0.5"
    resolved "https://registry.yarnpkg.com/escape-string-regexp/-/escape-string-regexp-1.0.5.tgz#1b61c0562190a8dff6ae3bb2cf0200ca130b86d4"
    integrity sha1-G2HAViGQqN/2rjuyzwIAyhMLhtQ=
  
  esprima@^4.0.0:
    version "4.0.1"
    resolved "https://registry.yarnpkg.com/esprima/-/esprima-4.0.1.tgz#13b04cdb3e6c5d19df91ab6987a8695619b0aa71"
    integrity sha512-eGuFFw7Upda+g4p+QHvnW0RyTX/SVeJBDM/gCtMARO0cLuT2HcEKnTPvhjV6aGeqrCB/sbNop0Kszm0jsaWU4A==
  
  estree-walker@^0.5.2:
    version "0.5.2"
    resolved "https://registry.yarnpkg.com/estree-walker/-/estree-walker-0.5.2.tgz#d3850be7529c9580d815600b53126515e146dd39"
    integrity sha512-XpCnW/AE10ws/kDAs37cngSkvgIR8aN3G0MS85m7dUpuK2EREo9VJ00uvw6Dg/hXEpfsE1I1TvJOJr+Z+TL+ig==
  
  esutils@^2.0.2:
    version "2.0.2"
    resolved "https://registry.yarnpkg.com/esutils/-/esutils-2.0.2.tgz#0abf4f1caa5bcb1f7a9d8acc6dea4faaa04bac9b"
    integrity sha1-Cr9PHKpbyx96nYrMbepPqqBLrJs=
  
  expand-brackets@^0.1.4:
    version "0.1.5"
    resolved "https://registry.yarnpkg.com/expand-brackets/-/expand-brackets-0.1.5.tgz#df07284e342a807cd733ac5af72411e581d1177b"
    integrity sha1-3wcoTjQqgHzXM6xa9yQR5YHRF3s=
    dependencies:
      is-posix-bracket "^0.1.0"
  
  expand-range@^1.8.1:
    version "1.8.2"
    resolved "https://registry.yarnpkg.com/expand-range/-/expand-range-1.8.2.tgz#a299effd335fe2721ebae8e257ec79644fc85337"
    integrity sha1-opnv/TNf4nIeuujiV+x5ZE/IUzc=
    dependencies:
      fill-range "^2.1.0"
  
  extglob@^0.3.1:
    version "0.3.2"
    resolved "https://registry.yarnpkg.com/extglob/-/extglob-0.3.2.tgz#2e18ff3d2f49ab2765cec9023f011daa8d8349a1"
    integrity sha1-Lhj/PS9JqydlzskCPwEdqo2DSaE=
    dependencies:
      is-extglob "^1.0.0"
  
  fast-deep-equal@^2.0.1:
    version "2.0.1"
    resolved "https://registry.yarnpkg.com/fast-deep-equal/-/fast-deep-equal-2.0.1.tgz#7b05218ddf9667bf7f370bf7fdb2cb15fdd0aa49"
    integrity sha1-ewUhjd+WZ79/Nwv3/bLLFf3Qqkk=
  
  fast-json-stable-stringify@^2.0.0:
    version "2.0.0"
    resolved "https://registry.yarnpkg.com/fast-json-stable-stringify/-/fast-json-stable-stringify-2.0.0.tgz#d5142c0caee6b1189f87d3a76111064f86c8bbf2"
    integrity sha1-1RQsDK7msRifh9OnYREGT4bIu/I=
  
  fast-url-parser@1.1.3:
    version "1.1.3"
    resolved "https://registry.yarnpkg.com/fast-url-parser/-/fast-url-parser-1.1.3.tgz#f4af3ea9f34d8a271cf58ad2b3759f431f0b318d"
    integrity sha1-9K8+qfNNiicc9YrSs3WfQx8LMY0=
    dependencies:
      punycode "^1.3.2"
  
  fastparse@^1.1.1:
    version "1.1.2"
    resolved "https://registry.yarnpkg.com/fastparse/-/fastparse-1.1.2.tgz#91728c5a5942eced8531283c79441ee4122c35a9"
    integrity sha512-483XLLxTVIwWK3QTrMGRqUfUpoOs/0hbQrl2oz4J0pAcm3A3bu84wxTFqGqkJzewCLdME38xJLJAxBABfQT8sQ==
  
  filename-regex@^2.0.0:
    version "2.0.1"
    resolved "https://registry.yarnpkg.com/filename-regex/-/filename-regex-2.0.1.tgz#c1c4b9bee3e09725ddb106b75c1e301fe2f18b26"
    integrity sha1-wcS5vuPglyXdsQa3XB4wH+LxiyY=
  
  fill-range@^2.1.0:
    version "2.2.4"
    resolved "https://registry.yarnpkg.com/fill-range/-/fill-range-2.2.4.tgz#eb1e773abb056dcd8df2bfdf6af59b8b3a936565"
    integrity sha512-cnrcCbj01+j2gTG921VZPnHbjmdAf8oQV/iGeV2kZxGSyfYjjTyY79ErsK1WJWMpw6DaApEX72binqJE+/d+5Q==
    dependencies:
      is-number "^2.1.0"
      isobject "^2.0.0"
      randomatic "^3.0.0"
      repeat-element "^1.1.2"
      repeat-string "^1.5.2"
  
  for-in@^1.0.1:
    version "1.0.2"
    resolved "https://registry.yarnpkg.com/for-in/-/for-in-1.0.2.tgz#81068d295a8142ec0ac726c6e2200c30fb6d5e80"
    integrity sha1-gQaNKVqBQuwKxybG4iAMMPttXoA=
  
  for-own@^0.1.4:
    version "0.1.5"
    resolved "https://registry.yarnpkg.com/for-own/-/for-own-0.1.5.tgz#5265c681a4f294dabbf17c9509b6763aa84510ce"
    integrity sha1-UmXGgaTylNq78XyVCbZ2OqhFEM4=
    dependencies:
      for-in "^1.0.1"
  
  function-bind@^1.0.2, function-bind@^1.1.1:
    version "1.1.1"
    resolved "https://registry.yarnpkg.com/function-bind/-/function-bind-1.1.1.tgz#a56899d3ea3c9bab874bb9773b7c5ede92f4895d"
    integrity sha512-yIovAzMX49sF8Yl58fSCWJ5svSLuaibPxXQJFLmBObTuCr0Mf1KiPopGM9NiFjiYBCbfaa2Fh6breQ6ANVTI0A==
  
  generic-names@^1.0.3:
    version "1.0.3"
    resolved "https://registry.yarnpkg.com/generic-names/-/generic-names-1.0.3.tgz#2d786a121aee508876796939e8e3bff836c20917"
    integrity sha1-LXhqEhruUIh2eWk56OO/+DbCCRc=
    dependencies:
      loader-utils "^0.2.16"
  
  glob-base@^0.3.0:
    version "0.3.0"
    resolved "https://registry.yarnpkg.com/glob-base/-/glob-base-0.3.0.tgz#dbb164f6221b1c0b1ccf82aea328b497df0ea3c4"
    integrity sha1-27Fk9iIbHAscz4Kuoyi0l98Oo8Q=
    dependencies:
      glob-parent "^2.0.0"
      is-glob "^2.0.0"
  
  glob-parent@^2.0.0:
    version "2.0.0"
    resolved "https://registry.yarnpkg.com/glob-parent/-/glob-parent-2.0.0.tgz#81383d72db054fcccf5336daa902f182f6edbb28"
    integrity sha1-gTg9ctsFT8zPUzbaqQLxgvbtuyg=
    dependencies:
      is-glob "^2.0.0"
  
  glob-slash@^1.0.0:
    version "1.0.0"
    resolved "https://registry.yarnpkg.com/glob-slash/-/glob-slash-1.0.0.tgz#fe52efa433233f74a2fe64c7abb9bc848202ab95"
    integrity sha1-/lLvpDMjP3Si/mTHq7m8hIICq5U=
  
  glob-slasher@1.0.1:
    version "1.0.1"
    resolved "https://registry.yarnpkg.com/glob-slasher/-/glob-slasher-1.0.1.tgz#747a0e5bb222642ee10d3e05443e109493cb0f8e"
    integrity sha1-dHoOW7IiZC7hDT4FRD4QlJPLD44=
    dependencies:
      glob-slash "^1.0.0"
      lodash.isobject "^2.4.1"
      toxic "^1.0.0"
  
  graceful-fs@^4.1.2:
    version "4.1.15"
    resolved "https://registry.yarnpkg.com/graceful-fs/-/graceful-fs-4.1.15.tgz#ffb703e1066e8a0eeaa4c8b80ba9253eeefbfb00"
    integrity sha512-6uHUhOPEBgQ24HM+r6b/QwWfZq+yiFcipKFrOFiBEnWdy5sdzYoi+pJeQaPI5qOLRFqWmAXUPQNsielzdLoecA==
  
  has-ansi@^2.0.0:
    version "2.0.0"
    resolved "https://registry.yarnpkg.com/has-ansi/-/has-ansi-2.0.0.tgz#34f5049ce1ecdf2b0649af3ef24e45ed35416d91"
    integrity sha1-NPUEnOHs3ysGSa8+8k5F7TVBbZE=
    dependencies:
      ansi-regex "^2.0.0"
  
  has-flag@^1.0.0:
    version "1.0.0"
    resolved "https://registry.yarnpkg.com/has-flag/-/has-flag-1.0.0.tgz#9d9e793165ce017a00f00418c43f942a7b1d11fa"
    integrity sha1-nZ55MWXOAXoA8AQYxD+UKnsdEfo=
  
  has-flag@^3.0.0:
    version "3.0.0"
    resolved "https://registry.yarnpkg.com/has-flag/-/has-flag-3.0.0.tgz#b5d454dc2199ae225699f3467e5a07f3b955bafd"
    integrity sha1-tdRU3CGZriJWmfNGfloH87lVuv0=
  
  has-symbols@^1.0.0:
    version "1.0.0"
    resolved "https://registry.yarnpkg.com/has-symbols/-/has-symbols-1.0.0.tgz#ba1a8f1af2a0fc39650f5c850367704122063b44"
    integrity sha1-uhqPGvKg/DllD1yFA2dwQSIGO0Q=
  
  has@^1.0.0, has@^1.0.1, has@^1.0.3:
    version "1.0.3"
    resolved "https://registry.yarnpkg.com/has/-/has-1.0.3.tgz#722d7cbfc1f6aa8241f16dd814e011e1f41e8796"
    integrity sha512-f2dvO0VU6Oej7RkWJGrehjbzMAjFp5/VKPp5tTpWIV4JHHZK1/BxbFRtf/siA2SWTe09caDmVtYYzWEIbBS4zw==
    dependencies:
      function-bind "^1.1.1"
  
  hex-color-regex@^1.1.0:
    version "1.1.0"
    resolved "https://registry.yarnpkg.com/hex-color-regex/-/hex-color-regex-1.1.0.tgz#4c06fccb4602fe2602b3c93df82d7e7dbf1a8a8e"
    integrity sha512-l9sfDFsuqtOqKDsQdqrMRk0U85RZc0RtOR9yPI7mRVOa4FsR/BVnZ0shmQRM96Ji99kYZP/7hn1cedc1+ApsTQ==
  
  hosted-git-info@^2.1.4:
    version "2.7.1"
    resolved "https://registry.yarnpkg.com/hosted-git-info/-/hosted-git-info-2.7.1.tgz#97f236977bd6e125408930ff6de3eec6281ec047"
    integrity sha512-7T/BxH19zbcCTa8XkMlbK5lTo1WtgkFi3GvdWEyNuc4Vex7/9Dqbnpsf4JMydcfj9HCg4zUWFTL3Za6lapg5/w==
  
  hsl-regex@^1.0.0:
    version "1.0.0"
    resolved "https://registry.yarnpkg.com/hsl-regex/-/hsl-regex-1.0.0.tgz#d49330c789ed819e276a4c0d272dffa30b18fe6e"
    integrity sha1-1JMwx4ntgZ4nakwNJy3/owsY/m4=
  
  hsla-regex@^1.0.0:
    version "1.0.0"
    resolved "https://registry.yarnpkg.com/hsla-regex/-/hsla-regex-1.0.0.tgz#c1ce7a3168c8c6614033a4b5f7877f3b225f9c38"
    integrity sha1-wc56MWjIxmFAM6S194d/OyJfnDg=
  
  html-comment-regex@^1.1.0:
    version "1.1.2"
    resolved "https://registry.yarnpkg.com/html-comment-regex/-/html-comment-regex-1.1.2.tgz#97d4688aeb5c81886a364faa0cad1dda14d433a7"
    integrity sha512-P+M65QY2JQ5Y0G9KKdlDpo0zK+/OHptU5AaBwUfAIDJZk1MYf32Frm84EcOytfJE0t5JvkAnKlmjsXDnWzCJmQ==
  
  icss-replace-symbols@1.1.0, icss-replace-symbols@^1.1.0:
    version "1.1.0"
    resolved "https://registry.yarnpkg.com/icss-replace-symbols/-/icss-replace-symbols-1.1.0.tgz#06ea6f83679a7749e386cfe1fe812ae5db223ded"
    integrity sha1-Bupvg2ead0njhs/h/oEq5dsiPe0=
  
  import-cwd@^2.0.0, import-cwd@^2.1.0:
    version "2.1.0"
    resolved "https://registry.yarnpkg.com/import-cwd/-/import-cwd-2.1.0.tgz#aa6cf36e722761285cb371ec6519f53e2435b0a9"
    integrity sha1-qmzzbnInYShcs3HsZRn1PiQ1sKk=
    dependencies:
      import-from "^2.1.0"
  
  import-fresh@^2.0.0:
    version "2.0.0"
    resolved "https://registry.yarnpkg.com/import-fresh/-/import-fresh-2.0.0.tgz#d81355c15612d386c61f9ddd3922d4304822a546"
    integrity sha1-2BNVwVYS04bGH53dOSLUMEgipUY=
    dependencies:
      caller-path "^2.0.0"
      resolve-from "^3.0.0"
  
  import-from@^2.1.0:
    version "2.1.0"
    resolved "https://registry.yarnpkg.com/import-from/-/import-from-2.1.0.tgz#335db7f2a7affd53aaa471d4b8021dee36b7f3b1"
    integrity sha1-M1238qev/VOqpHHUuAId7ja387E=
    dependencies:
      resolve-from "^3.0.0"
  
  indexes-of@^1.0.1:
    version "1.0.1"
    resolved "https://registry.yarnpkg.com/indexes-of/-/indexes-of-1.0.1.tgz#f30f716c8e2bd346c7b67d3df3915566a7c05607"
    integrity sha1-8w9xbI4r00bHtn0985FVZqfAVgc=
  
  ini@~1.3.0:
    version "1.3.5"
    resolved "https://registry.yarnpkg.com/ini/-/ini-1.3.5.tgz#eee25f56db1c9ec6085e0c22778083f596abf927"
    integrity sha512-RZY5huIKCMRWDUqZlEi72f/lmXKMvuszcMBduliQ3nnWbx9X/ZBQO7DijMEYS9EhHBb2qacRUMtC7svLwe0lcw==
  
  is-absolute-url@^2.0.0:
    version "2.1.0"
    resolved "https://registry.yarnpkg.com/is-absolute-url/-/is-absolute-url-2.1.0.tgz#50530dfb84fcc9aa7dbe7852e83a37b93b9f2aa6"
    integrity sha1-UFMN+4T8yap9vnhS6Do3uTufKqY=
  
  is-arrayish@^0.2.1:
    version "0.2.1"
    resolved "https://registry.yarnpkg.com/is-arrayish/-/is-arrayish-0.2.1.tgz#77c99840527aa8ecb1a8ba697b80645a7a926a9d"
    integrity sha1-d8mYQFJ6qOyxqLppe4BkWnqSap0=
  
  is-arrayish@^0.3.1:
    version "0.3.2"
    resolved "https://registry.yarnpkg.com/is-arrayish/-/is-arrayish-0.3.2.tgz#4574a2ae56f7ab206896fb431eaeed066fdf8f03"
    integrity sha512-eVRqCvVlZbuw3GrM63ovNSNAeA1K16kaR/LRY/92w0zxQ5/1YzwblUX652i4Xs9RwAGjW9d9y6X88t8OaAJfWQ==
  
  is-buffer@^1.1.5:
    version "1.1.6"
    resolved "https://registry.yarnpkg.com/is-buffer/-/is-buffer-1.1.6.tgz#efaa2ea9daa0d7ab2ea13a97b2b8ad51fefbe8be"
    integrity sha512-NcdALwpXkTm5Zvvbk7owOUSvVvBKDgKP5/ewfXEznmQFfs4ZRmanOeKBTjRVjka3QFoN6XJ+9F3USqfHqTaU5w==
  
  is-builtin-module@^1.0.0:
    version "1.0.0"
    resolved "https://registry.yarnpkg.com/is-builtin-module/-/is-builtin-module-1.0.0.tgz#540572d34f7ac3119f8f76c30cbc1b1e037affbe"
    integrity sha1-VAVy0096wxGfj3bDDLwbHgN6/74=
    dependencies:
      builtin-modules "^1.0.0"
  
  is-callable@^1.1.4:
    version "1.1.4"
    resolved "https://registry.yarnpkg.com/is-callable/-/is-callable-1.1.4.tgz#1e1adf219e1eeb684d691f9d6a05ff0d30a24d75"
    integrity sha512-r5p9sxJjYnArLjObpjA4xu5EKI3CuKHkJXMhT7kwbpUyIFD1n5PMAsoPvWnvtZiNz7LjkYDRZhd7FlI0eMijEA==
  
  is-color-stop@^1.0.0:
    version "1.1.0"
    resolved "https://registry.yarnpkg.com/is-color-stop/-/is-color-stop-1.1.0.tgz#cfff471aee4dd5c9e158598fbe12967b5cdad345"
    integrity sha1-z/9HGu5N1cnhWFmPvhKWe1za00U=
    dependencies:
      css-color-names "^0.0.4"
      hex-color-regex "^1.1.0"
      hsl-regex "^1.0.0"
      hsla-regex "^1.0.0"
      rgb-regex "^1.0.1"
      rgba-regex "^1.0.0"
  
  is-date-object@^1.0.1:
    version "1.0.1"
    resolved "https://registry.yarnpkg.com/is-date-object/-/is-date-object-1.0.1.tgz#9aa20eb6aeebbff77fbd33e74ca01b33581d3a16"
    integrity sha1-mqIOtq7rv/d/vTPnTKAbM1gdOhY=
  
  is-directory@^0.3.1:
    version "0.3.1"
    resolved "https://registry.yarnpkg.com/is-directory/-/is-directory-0.3.1.tgz#61339b6f2475fc772fd9c9d83f5c8575dc154ae1"
    integrity sha1-YTObbyR1/Hcv2cnYP1yFddwVSuE=
  
  is-dotfile@^1.0.0:
    version "1.0.3"
    resolved "https://registry.yarnpkg.com/is-dotfile/-/is-dotfile-1.0.3.tgz#a6a2f32ffd2dfb04f5ca25ecd0f6b83cf798a1e1"
    integrity sha1-pqLzL/0t+wT1yiXs0Pa4PPeYoeE=
  
  is-equal-shallow@^0.1.3:
    version "0.1.3"
    resolved "https://registry.yarnpkg.com/is-equal-shallow/-/is-equal-shallow-0.1.3.tgz#2238098fc221de0bcfa5d9eac4c45d638aa1c534"
    integrity sha1-IjgJj8Ih3gvPpdnqxMRdY4qhxTQ=
    dependencies:
      is-primitive "^2.0.0"
  
  is-extendable@^0.1.1:
    version "0.1.1"
    resolved "https://registry.yarnpkg.com/is-extendable/-/is-extendable-0.1.1.tgz#62b110e289a471418e3ec36a617d472e301dfc89"
    integrity sha1-YrEQ4omkcUGOPsNqYX1HLjAd/Ik=
  
  is-extglob@^1.0.0:
    version "1.0.0"
    resolved "https://registry.yarnpkg.com/is-extglob/-/is-extglob-1.0.0.tgz#ac468177c4943405a092fc8f29760c6ffc6206c0"
    integrity sha1-rEaBd8SUNAWgkvyPKXYMb/xiBsA=
  
  is-glob@^2.0.0, is-glob@^2.0.1:
    version "2.0.1"
    resolved "https://registry.yarnpkg.com/is-glob/-/is-glob-2.0.1.tgz#d096f926a3ded5600f3fdfd91198cb0888c2d863"
    integrity sha1-0Jb5JqPe1WAPP9/ZEZjLCIjC2GM=
    dependencies:
      is-extglob "^1.0.0"
  
  is-module@^1.0.0:
    version "1.0.0"
    resolved "https://registry.yarnpkg.com/is-module/-/is-module-1.0.0.tgz#3258fb69f78c14d5b815d664336b4cffb6441591"
    integrity sha1-Mlj7afeMFNW4FdZkM2tM/7ZEFZE=
  
  is-number@^2.1.0:
    version "2.1.0"
    resolved "https://registry.yarnpkg.com/is-number/-/is-number-2.1.0.tgz#01fcbbb393463a548f2f466cce16dece49db908f"
    integrity sha1-Afy7s5NGOlSPL0ZszhbezknbkI8=
    dependencies:
      kind-of "^3.0.2"
  
  is-number@^4.0.0:
    version "4.0.0"
    resolved "https://registry.yarnpkg.com/is-number/-/is-number-4.0.0.tgz#0026e37f5454d73e356dfe6564699867c6a7f0ff"
    integrity sha512-rSklcAIlf1OmFdyAqbnWTLVelsQ58uvZ66S/ZyawjWqIviTWCjg2PzVGw8WUA+nNuPTqb4wgA+NszrJ+08LlgQ==
  
  is-obj@^1.0.0:
    version "1.0.1"
    resolved "https://registry.yarnpkg.com/is-obj/-/is-obj-1.0.1.tgz#3e4729ac1f5fde025cd7d83a896dab9f4f67db0f"
    integrity sha1-PkcprB9f3gJc19g6iW2rn09n2w8=
  
  is-posix-bracket@^0.1.0:
    version "0.1.1"
    resolved "https://registry.yarnpkg.com/is-posix-bracket/-/is-posix-bracket-0.1.1.tgz#3334dc79774368e92f016e6fbc0a88f5cd6e6bc4"
    integrity sha1-MzTceXdDaOkvAW5vvAqI9c1ua8Q=
  
  is-primitive@^2.0.0:
    version "2.0.0"
    resolved "https://registry.yarnpkg.com/is-primitive/-/is-primitive-2.0.0.tgz#207bab91638499c07b2adf240a41a87210034575"
    integrity sha1-IHurkWOEmcB7Kt8kCkGochADRXU=
  
  is-regex@^1.0.4:
    version "1.0.4"
    resolved "https://registry.yarnpkg.com/is-regex/-/is-regex-1.0.4.tgz#5517489b547091b0930e095654ced25ee97e9491"
    integrity sha1-VRdIm1RwkbCTDglWVM7SXul+lJE=
    dependencies:
      has "^1.0.1"
  
  is-resolvable@^1.0.0:
    version "1.1.0"
    resolved "https://registry.yarnpkg.com/is-resolvable/-/is-resolvable-1.1.0.tgz#fb18f87ce1feb925169c9a407c19318a3206ed88"
    integrity sha512-qgDYXFSR5WvEfuS5dMj6oTMEbrrSaM0CrFk2Yiq/gXnBvD9pMa2jGXxyhGLfvhZpuMZe18CJpFxAt3CRs42NMg==
  
  is-svg@^3.0.0:
    version "3.0.0"
    resolved "https://registry.yarnpkg.com/is-svg/-/is-svg-3.0.0.tgz#9321dbd29c212e5ca99c4fa9794c714bcafa2f75"
    integrity sha512-gi4iHK53LR2ujhLVVj+37Ykh9GLqYHX6JOVXbLAucaG/Cqw9xwdFOjDM2qeifLs1sF1npXXFvDu0r5HNgCMrzQ==
    dependencies:
      html-comment-regex "^1.1.0"
  
  is-symbol@^1.0.2:
    version "1.0.2"
    resolved "https://registry.yarnpkg.com/is-symbol/-/is-symbol-1.0.2.tgz#a055f6ae57192caee329e7a860118b497a950f38"
    integrity sha512-HS8bZ9ox60yCJLH9snBpIwv9pYUAkcuLhSA1oero1UB5y9aiQpRA8y2ex945AOtCZL1lJDeIk3G5LthswI46Lw==
    dependencies:
      has-symbols "^1.0.0"
  
  isarray@1.0.0:
    version "1.0.0"
    resolved "https://registry.yarnpkg.com/isarray/-/isarray-1.0.0.tgz#bb935d48582cba168c06834957a54a3e07124f11"
    integrity sha1-u5NdSFgsuhaMBoNJV6VKPgcSTxE=
  
  isexe@^2.0.0:
    version "2.0.0"
    resolved "https://registry.yarnpkg.com/isexe/-/isexe-2.0.0.tgz#e8fbf374dc556ff8947a10dcb0572d633f2cfa10"
    integrity sha1-6PvzdNxVb/iUehDcsFctYz8s+hA=
  
  isobject@^2.0.0:
    version "2.1.0"
    resolved "https://registry.yarnpkg.com/isobject/-/isobject-2.1.0.tgz#f065561096a3f1da2ef46272f815c840d87e0c89"
    integrity sha1-8GVWEJaj8dou9GJy+BXIQNh+DIk=
    dependencies:
      isarray "1.0.0"
  
  js-tokens@^4.0.0:
    version "4.0.0"
    resolved "https://registry.yarnpkg.com/js-tokens/-/js-tokens-4.0.0.tgz#19203fb59991df98e3a287050d4647cdeaf32499"
    integrity sha512-RdJUflcE3cUzKiMqQgsCu06FPu9UdIJO0beYbPhHN4k6apgJtifcoCtT9bcxOpYBtpD2kCM6Sbzg4CausW/PKQ==
  
  js-yaml@^3.12.0, js-yaml@^3.9.0:
    version "3.12.1"
    resolved "https://registry.yarnpkg.com/js-yaml/-/js-yaml-3.12.1.tgz#295c8632a18a23e054cf5c9d3cecafe678167600"
    integrity sha512-um46hB9wNOKlwkHgiuyEVAybXBjwFUV0Z/RaHJblRd9DXltue9FTYvzCr9ErQrK9Adz5MU4gHWVaNUfdmrC8qA==
    dependencies:
      argparse "^1.0.7"
      esprima "^4.0.0"
  
  jsesc@~0.5.0:
    version "0.5.0"
    resolved "https://registry.yarnpkg.com/jsesc/-/jsesc-0.5.0.tgz#e7dee66e35d6fc16f710fe91d5cf69f70f08911d"
    integrity sha1-597mbjXW/Bb3EP6R1c9p9w8IkR0=
  
  json-parse-better-errors@^1.0.1:
    version "1.0.2"
    resolved "https://registry.yarnpkg.com/json-parse-better-errors/-/json-parse-better-errors-1.0.2.tgz#bb867cfb3450e69107c131d1c514bab3dc8bcaa9"
    integrity sha512-mrqyZKfX5EhL7hvqcV6WG1yYjnjeuYDzDhhcAAUrq8Po85NBQBJP+ZDUT75qZQ98IkUoBqdkExkukOU7Ts2wrw==
  
  json-schema-traverse@^0.4.1:
    version "0.4.1"
    resolved "https://registry.yarnpkg.com/json-schema-traverse/-/json-schema-traverse-0.4.1.tgz#69f6a87d9513ab8bb8fe63bdb0979c448e684660"
    integrity sha512-xbbCH5dCYU5T8LcEhhuh7HJ88HXuW3qsI3Y0zOZFKfZEHcpWiHU/Jxzk629Brsab/mMiHQti9wMP+845RPe3Vg==
  
  json5@^0.5.0:
    version "0.5.1"
    resolved "https://registry.yarnpkg.com/json5/-/json5-0.5.1.tgz#1eade7acc012034ad84e2396767ead9fa5495821"
    integrity sha1-Hq3nrMASA0rYTiOWdn6tn6VJWCE=
  
  jsonify@~0.0.0:
    version "0.0.0"
    resolved "https://registry.yarnpkg.com/jsonify/-/jsonify-0.0.0.tgz#2c74b6ee41d93ca51b7b5aaee8f503631d252a73"
    integrity sha1-LHS27kHZPKUbe1qu6PUDYx0lKnM=
  
  kind-of@^3.0.2:
    version "3.2.2"
    resolved "https://registry.yarnpkg.com/kind-of/-/kind-of-3.2.2.tgz#31ea21a734bab9bbb0f32466d893aea51e4a3c64"
    integrity sha1-MeohpzS6ubuw8yRm2JOupR5KPGQ=
    dependencies:
      is-buffer "^1.1.5"
  
  kind-of@^6.0.0:
    version "6.0.2"
    resolved "https://registry.yarnpkg.com/kind-of/-/kind-of-6.0.2.tgz#01146b36a6218e64e58f3a8d66de5d7fc6f6d051"
    integrity sha512-s5kLOcnH0XqDO+FvuaLX8DDjZ18CGFk7VygH40QoKPUQhW4e2rvM0rwUq0t8IQDOwYSeLK01U90OjzBTme2QqA==
  
  load-json-file@^4.0.0:
    version "4.0.0"
    resolved "https://registry.yarnpkg.com/load-json-file/-/load-json-file-4.0.0.tgz#2f5f45ab91e33216234fd53adab668eb4ec0993b"
    integrity sha1-L19Fq5HjMhYjT9U62rZo607AmTs=
    dependencies:
      graceful-fs "^4.1.2"
      parse-json "^4.0.0"
      pify "^3.0.0"
      strip-bom "^3.0.0"
  
  loader-utils@^0.2.16:
    version "0.2.17"
    resolved "https://registry.yarnpkg.com/loader-utils/-/loader-utils-0.2.17.tgz#f86e6374d43205a6e6c60e9196f17c0299bfb348"
    integrity sha1-+G5jdNQyBabmxg6RlvF8Apm/s0g=
    dependencies:
      big.js "^3.1.3"
      emojis-list "^2.0.0"
      json5 "^0.5.0"
      object-assign "^4.0.1"
  
  lodash._objecttypes@~2.4.1:
    version "2.4.1"
    resolved "https://registry.yarnpkg.com/lodash._objecttypes/-/lodash._objecttypes-2.4.1.tgz#7c0b7f69d98a1f76529f890b0cdb1b4dfec11c11"
    integrity sha1-fAt/admKH3ZSn4kLDNsbTf7BHBE=
  
  lodash.camelcase@^4.3.0:
    version "4.3.0"
    resolved "https://registry.yarnpkg.com/lodash.camelcase/-/lodash.camelcase-4.3.0.tgz#b28aa6288a2b9fc651035c7711f65ab6190331a6"
    integrity sha1-soqmKIorn8ZRA1x3EfZathkDMaY=
  
  lodash.isobject@^2.4.1:
    version "2.4.1"
    resolved "https://registry.yarnpkg.com/lodash.isobject/-/lodash.isobject-2.4.1.tgz#5a2e47fe69953f1ee631a7eba1fe64d2d06558f5"
    integrity sha1-Wi5H/mmVPx7mMafrof5k0tBlWPU=
    dependencies:
      lodash._objecttypes "~2.4.1"
  
  lodash.memoize@^4.1.2:
    version "4.1.2"
    resolved "https://registry.yarnpkg.com/lodash.memoize/-/lodash.memoize-4.1.2.tgz#bcc6c49a42a2840ed997f323eada5ecd182e0bfe"
    integrity sha1-vMbEmkKihA7Zl/Mj6tpezRguC/4=
  
  lodash.uniq@^4.5.0:
    version "4.5.0"
    resolved "https://registry.yarnpkg.com/lodash.uniq/-/lodash.uniq-4.5.0.tgz#d0225373aeb652adc1bc82e4945339a842754773"
    integrity sha1-0CJTc662Uq3BvILklFM5qEJ1R3M=
  
  lodash@^4.17.10:
    version "4.17.11"
    resolved "https://registry.yarnpkg.com/lodash/-/lodash-4.17.11.tgz#b39ea6229ef607ecd89e2c8df12536891cac9b8d"
    integrity sha512-cQKh8igo5QUhZ7lg38DYWAxMvjSAKG0A8wGSVimP07SIUEK2UO+arSRKbRZWtelMtN5V0Hkwh5ryOto/SshYIg==
  
  magic-string@^0.25.1:
    version "0.25.1"
    resolved "https://registry.yarnpkg.com/magic-string/-/magic-string-0.25.1.tgz#b1c248b399cd7485da0fe7385c2fc7011843266e"
    integrity sha512-sCuTz6pYom8Rlt4ISPFn6wuFodbKMIHUMv4Qko9P17dpxb7s52KJTmRuZZqHdGmLCK9AOcDare039nRIcfdkEg==
    dependencies:
      sourcemap-codec "^1.4.1"
  
  math-random@^1.0.1:
    version "1.0.4"
    resolved "https://registry.yarnpkg.com/math-random/-/math-random-1.0.4.tgz#5dd6943c938548267016d4e34f057583080c514c"
    integrity sha512-rUxjysqif/BZQH2yhd5Aaq7vXMSx9NdEsQcyA07uEzIvxgI7zIr33gGsh+RU0/XjmQpCW7RsVof1vlkvQVCK5A==
  
  mdn-data@~1.1.0:
    version "1.1.4"
    resolved "https://registry.yarnpkg.com/mdn-data/-/mdn-data-1.1.4.tgz#50b5d4ffc4575276573c4eedb8780812a8419f01"
    integrity sha512-FSYbp3lyKjyj3E7fMl6rYvUdX0FBXaluGqlFoYESWQlyUTq8R+wp0rkFxoYFqZlHCvsUXGjyJmLQSnXToYhOSA==
  
  memorystream@^0.3.1:
    version "0.3.1"
    resolved "https://registry.yarnpkg.com/memorystream/-/memorystream-0.3.1.tgz#86d7090b30ce455d63fbae12dda51a47ddcaf9b2"
    integrity sha1-htcJCzDORV1j+64S3aUaR93K+bI=
  
  micromatch@^2.3.11:
    version "2.3.11"
    resolved "https://registry.yarnpkg.com/micromatch/-/micromatch-2.3.11.tgz#86677c97d1720b363431d04d0d15293bd38c1565"
    integrity sha1-hmd8l9FyCzY0MdBNDRUpO9OMFWU=
    dependencies:
      arr-diff "^2.0.0"
      array-unique "^0.2.1"
      braces "^1.8.2"
      expand-brackets "^0.1.4"
      extglob "^0.3.1"
      filename-regex "^2.0.0"
      is-extglob "^1.0.0"
      is-glob "^2.0.1"
      kind-of "^3.0.2"
      normalize-path "^2.0.1"
      object.omit "^2.0.0"
      parse-glob "^3.0.4"
      regex-cache "^0.4.2"
  
  mime-db@~1.33.0:
    version "1.33.0"
    resolved "https://registry.yarnpkg.com/mime-db/-/mime-db-1.33.0.tgz#a3492050a5cb9b63450541e39d9788d2272783db"
    integrity sha512-BHJ/EKruNIqJf/QahvxwQZXKygOQ256myeN/Ew+THcAa5q+PjyTTMMeNQC4DZw5AwfvelsUrA6B67NKMqXDbzQ==
  
  mime-types@2.1.18:
    version "2.1.18"
    resolved "https://registry.yarnpkg.com/mime-types/-/mime-types-2.1.18.tgz#6f323f60a83d11146f831ff11fd66e2fe5503bb8"
    integrity sha512-lc/aahn+t4/SWV/qcmumYjymLsWfN3ELhpmVuUFjgsORruuZPVSwAQryq+HHGvO/SI2KVX26bx+En+zhM8g8hQ==
    dependencies:
      mime-db "~1.33.0"
  
  mini.css@^3.0.1:
    version "3.0.1"
    resolved "https://registry.yarnpkg.com/mini.css/-/mini.css-3.0.1.tgz#f6236e99997bbd19484d5655d087ec96b887af68"
    integrity sha512-FmuuBL0wuyDO1UA66TkAo8w2RxxuHmNPaUqUHcYlHtM9CJkrscQaNAJ/ParEahYFwtZOSgfEA7flbMoSPkzrPA==
  
  minimatch@3.0.4, minimatch@^3.0.4:
    version "3.0.4"
    resolved "https://registry.yarnpkg.com/minimatch/-/minimatch-3.0.4.tgz#5166e286457f03306064be5497e8dbb0c3d32083"
    integrity sha512-yJHVQEhyqPLUTgt9B83PXu6W3rx4MvvHvSUvToogpwoGDOUQ+yDrR0HRot+yOCdCO7u4hX3pWft6kWBBcqh0UA==
    dependencies:
      brace-expansion "^1.1.7"
  
  minimist@0.0.8:
    version "0.0.8"
    resolved "https://registry.yarnpkg.com/minimist/-/minimist-0.0.8.tgz#857fcabfc3397d2625b8228262e86aa7a011b05d"
    integrity sha1-hX/Kv8M5fSYluCKCYuhqp6ARsF0=
  
  minimist@^1.2.0:
    version "1.2.0"
    resolved "https://registry.yarnpkg.com/minimist/-/minimist-1.2.0.tgz#a35008b20f41383eec1fb914f4cd5df79a264284"
    integrity sha1-o1AIsg9BOD7sH7kU9M1d95omQoQ=
  
  mkdirp@~0.5.1:
    version "0.5.1"
    resolved "https://registry.yarnpkg.com/mkdirp/-/mkdirp-0.5.1.tgz#30057438eac6cf7f8c4767f38648d6697d75c903"
    integrity sha1-MAV0OOrGz3+MR2fzhkjWaX11yQM=
    dependencies:
      minimist "0.0.8"
  
  nice-try@^1.0.4:
    version "1.0.5"
    resolved "https://registry.yarnpkg.com/nice-try/-/nice-try-1.0.5.tgz#a3378a7696ce7d223e88fc9b764bd7ef1089e366"
    integrity sha512-1nh45deeb5olNY7eX82BkPO7SSxR5SSYJiPTrTdFUVYwAl8CKMA5N9PjTYkHiRjisVcxcQ1HXdLhx2qxxJzLNQ==
  
  node-releases@^1.1.3:
    version "1.1.6"
    resolved "https://registry.yarnpkg.com/node-releases/-/node-releases-1.1.6.tgz#47d160033e24a64e79487a62de63cf691052ec54"
    integrity sha512-lODUVHEIZutZx+TDdOk47qLik8FJMXzJ+WnyUGci1MTvTOyzZrz5eVPIIpc5Hb3NfHZGeGHeuwrRYVI1PEITWg==
    dependencies:
      semver "^5.3.0"
  
  normalize-package-data@^2.3.2:
    version "2.4.2"
    resolved "https://registry.yarnpkg.com/normalize-package-data/-/normalize-package-data-2.4.2.tgz#6b2abd85774e51f7936f1395e45acb905dc849b2"
    integrity sha512-YcMnjqeoUckXTPKZSAsPjUPLxH85XotbpqK3w4RyCwdFQSU5FxxBys8buehkSfg0j9fKvV1hn7O0+8reEgkAiw==
    dependencies:
      hosted-git-info "^2.1.4"
      is-builtin-module "^1.0.0"
      semver "2 || 3 || 4 || 5"
      validate-npm-package-license "^3.0.1"
  
  normalize-path@^2.0.1:
    version "2.1.1"
    resolved "https://registry.yarnpkg.com/normalize-path/-/normalize-path-2.1.1.tgz#1ab28b556e198363a8c1a6f7e6fa20137fe6aed9"
    integrity sha1-GrKLVW4Zg2Oowab35vogE3/mrtk=
    dependencies:
      remove-trailing-separator "^1.0.1"
  
  normalize-url@^3.0.0:
    version "3.3.0"
    resolved "https://registry.yarnpkg.com/normalize-url/-/normalize-url-3.3.0.tgz#b2e1c4dc4f7c6d57743df733a4f5978d18650559"
    integrity sha512-U+JJi7duF1o+u2pynbp2zXDW2/PADgC30f0GsHZtRh+HOcXHnw137TrNlyxxRvWW5fjKd3bcLHPxofWuCjaeZg==
  
  npm-run-all@^4.1.3:
    version "4.1.5"
    resolved "https://registry.yarnpkg.com/npm-run-all/-/npm-run-all-4.1.5.tgz#04476202a15ee0e2e214080861bff12a51d98fba"
    integrity sha512-Oo82gJDAVcaMdi3nuoKFavkIHBRVqQ1qvMb+9LHk/cF4P6B2m8aP04hGf7oL6wZ9BuGwX1onlLhpuoofSyoQDQ==
    dependencies:
      ansi-styles "^3.2.1"
      chalk "^2.4.1"
      cross-spawn "^6.0.5"
      memorystream "^0.3.1"
      minimatch "^3.0.4"
      pidtree "^0.3.0"
      read-pkg "^3.0.0"
      shell-quote "^1.6.1"
      string.prototype.padend "^3.0.0"
  
  nth-check@^1.0.2:
    version "1.0.2"
    resolved "https://registry.yarnpkg.com/nth-check/-/nth-check-1.0.2.tgz#b2bd295c37e3dd58a3bf0700376663ba4d9cf05c"
    integrity sha512-WeBOdju8SnzPN5vTUJYxYUxLeXpCaVP5i5e0LF8fg7WORF2Wd7wFX/pk0tYZk7s8T+J7VLy0Da6J1+wCT0AtHg==
    dependencies:
      boolbase "~1.0.0"
  
  object-assign@^4.0.1:
    version "4.1.1"
    resolved "https://registry.yarnpkg.com/object-assign/-/object-assign-4.1.1.tgz#2109adc7965887cfc05cbbd442cac8bfbb360863"
    integrity sha1-IQmtx5ZYh8/AXLvUQsrIv7s2CGM=
  
  object-keys@^1.0.12:
    version "1.0.12"
    resolved "https://registry.yarnpkg.com/object-keys/-/object-keys-1.0.12.tgz#09c53855377575310cca62f55bb334abff7b3ed2"
    integrity sha512-FTMyFUm2wBcGHnH2eXmz7tC6IwlqQZ6mVZ+6dm6vZ4IQIHjs6FdNsQBuKGPuUUUY6NfJw2PshC08Tn6LzLDOag==
  
  object.getownpropertydescriptors@^2.0.3:
    version "2.0.3"
    resolved "https://registry.yarnpkg.com/object.getownpropertydescriptors/-/object.getownpropertydescriptors-2.0.3.tgz#8758c846f5b407adab0f236e0986f14b051caa16"
    integrity sha1-h1jIRvW0B62rDyNuCYbxSwUcqhY=
    dependencies:
      define-properties "^1.1.2"
      es-abstract "^1.5.1"
  
  object.omit@^2.0.0:
    version "2.0.1"
    resolved "https://registry.yarnpkg.com/object.omit/-/object.omit-2.0.1.tgz#1a9c744829f39dbb858c76ca3579ae2a54ebd1fa"
    integrity sha1-Gpx0SCnznbuFjHbKNXmuKlTr0fo=
    dependencies:
      for-own "^0.1.4"
      is-extendable "^0.1.1"
  
  object.values@^1.0.4:
    version "1.1.0"
    resolved "https://registry.yarnpkg.com/object.values/-/object.values-1.1.0.tgz#bf6810ef5da3e5325790eaaa2be213ea84624da9"
    integrity sha512-8mf0nKLAoFX6VlNVdhGj31SVYpaNFtUnuoOXWyFEstsWRgU837AK+JYM0iAxwkSzGRbwn8cbFmgbyxj1j4VbXg==
    dependencies:
      define-properties "^1.1.3"
      es-abstract "^1.12.0"
      function-bind "^1.1.1"
      has "^1.0.3"
  
  p-queue@^2.4.2:
    version "2.4.2"
    resolved "https://registry.yarnpkg.com/p-queue/-/p-queue-2.4.2.tgz#03609826682b743be9a22dba25051bd46724fc34"
    integrity sha512-n8/y+yDJwBjoLQe1GSJbbaYQLTI7QHNZI2+rpmCDbe++WLf9HC3gf6iqj5yfPAV71W4UF3ql5W1+UBPXoXTxng==
  
  parse-glob@^3.0.4:
    version "3.0.4"
    resolved "https://registry.yarnpkg.com/parse-glob/-/parse-glob-3.0.4.tgz#b2c376cfb11f35513badd173ef0bb6e3a388391c"
    integrity sha1-ssN2z7EfNVE7rdFz7wu246OIORw=
    dependencies:
      glob-base "^0.3.0"
      is-dotfile "^1.0.0"
      is-extglob "^1.0.0"
      is-glob "^2.0.0"
  
  parse-json@^4.0.0:
    version "4.0.0"
    resolved "https://registry.yarnpkg.com/parse-json/-/parse-json-4.0.0.tgz#be35f5425be1f7f6c747184f98a788cb99477ee0"
    integrity sha1-vjX1Qlvh9/bHRxhPmKeIy5lHfuA=
    dependencies:
      error-ex "^1.3.1"
      json-parse-better-errors "^1.0.1"
  
  path-is-inside@1.0.2:
    version "1.0.2"
    resolved "https://registry.yarnpkg.com/path-is-inside/-/path-is-inside-1.0.2.tgz#365417dede44430d1c11af61027facf074bdfc53"
    integrity sha1-NlQX3t5EQw0cEa9hAn+s8HS9/FM=
  
  path-key@^2.0.1:
    version "2.0.1"
    resolved "https://registry.yarnpkg.com/path-key/-/path-key-2.0.1.tgz#411cadb574c5a140d3a4b1910d40d80cc9f40b40"
    integrity sha1-QRyttXTFoUDTpLGRDUDYDMn0C0A=
  
  path-parse@^1.0.6:
    version "1.0.6"
    resolved "https://registry.yarnpkg.com/path-parse/-/path-parse-1.0.6.tgz#d62dbb5679405d72c4737ec58600e9ddcf06d24c"
    integrity sha512-GSmOT2EbHrINBf9SR7CDELwlJ8AENk3Qn7OikK4nFYAu3Ote2+JYNVvkpAEQm3/TLNEJFD/xZJjzyxg3KBWOzw==
  
  path-to-regexp@2.2.1:
    version "2.2.1"
    resolved "https://registry.yarnpkg.com/path-to-regexp/-/path-to-regexp-2.2.1.tgz#90b617025a16381a879bc82a38d4e8bdeb2bcf45"
    integrity sha512-gu9bD6Ta5bwGrrU8muHzVOBFFREpp2iRkVfhBJahwJ6p6Xw20SjT0MxLnwkjOibQmGSYhiUnf2FLe7k+jcFmGQ==
  
  path-type@^3.0.0:
    version "3.0.0"
    resolved "https://registry.yarnpkg.com/path-type/-/path-type-3.0.0.tgz#cef31dc8e0a1a3bb0d105c0cd97cf3bf47f4e36f"
    integrity sha512-T2ZUsdZFHgA3u4e5PfPbjd7HDDpxPnQb5jN0SrDsjNSuVXHJqtwTnWqG0B1jZrgmJ/7lj1EmVIByWt1gxGkWvg==
    dependencies:
      pify "^3.0.0"
  
  pidtree@^0.3.0:
    version "0.3.0"
    resolved "https://registry.yarnpkg.com/pidtree/-/pidtree-0.3.0.tgz#f6fada10fccc9f99bf50e90d0b23d72c9ebc2e6b"
    integrity sha512-9CT4NFlDcosssyg8KVFltgokyKZIFjoBxw8CTGy+5F38Y1eQWrt8tRayiUOXE+zVKQnYu5BR8JjCtvK3BcnBhg==
  
  pify@^3.0.0:
    version "3.0.0"
    resolved "https://registry.yarnpkg.com/pify/-/pify-3.0.0.tgz#e5a4acd2c101fdf3d9a4d07f0dbc4db49dd28176"
    integrity sha1-5aSs0sEB/fPZpNB/DbxNtJ3SgXY=
  
  postcss-calc@^7.0.0:
    version "7.0.1"
    resolved "https://registry.yarnpkg.com/postcss-calc/-/postcss-calc-7.0.1.tgz#36d77bab023b0ecbb9789d84dcb23c4941145436"
    integrity sha512-oXqx0m6tb4N3JGdmeMSc/i91KppbYsFZKdH0xMOqK8V1rJlzrKlTdokz8ozUXLVejydRN6u2IddxpcijRj2FqQ==
    dependencies:
      css-unit-converter "^1.1.1"
      postcss "^7.0.5"
      postcss-selector-parser "^5.0.0-rc.4"
      postcss-value-parser "^3.3.1"
  
  postcss-colormin@^4.0.2:
    version "4.0.2"
    resolved "https://registry.yarnpkg.com/postcss-colormin/-/postcss-colormin-4.0.2.tgz#93cd1fa11280008696887db1a528048b18e7ed99"
    integrity sha512-1QJc2coIehnVFsz0otges8kQLsryi4lo19WD+U5xCWvXd0uw/Z+KKYnbiNDCnO9GP+PvErPHCG0jNvWTngk9Rw==
    dependencies:
      browserslist "^4.0.0"
      color "^3.0.0"
      has "^1.0.0"
      postcss "^7.0.0"
      postcss-value-parser "^3.0.0"
  
  postcss-convert-values@^4.0.1:
    version "4.0.1"
    resolved "https://registry.yarnpkg.com/postcss-convert-values/-/postcss-convert-values-4.0.1.tgz#ca3813ed4da0f812f9d43703584e449ebe189a7f"
    integrity sha512-Kisdo1y77KUC0Jmn0OXU/COOJbzM8cImvw1ZFsBgBgMgb1iL23Zs/LXRe3r+EZqM3vGYKdQ2YJVQ5VkJI+zEJQ==
    dependencies:
      postcss "^7.0.0"
      postcss-value-parser "^3.0.0"
  
  postcss-discard-comments@^4.0.1:
    version "4.0.1"
    resolved "https://registry.yarnpkg.com/postcss-discard-comments/-/postcss-discard-comments-4.0.1.tgz#30697735b0c476852a7a11050eb84387a67ef55d"
    integrity sha512-Ay+rZu1Sz6g8IdzRjUgG2NafSNpp2MSMOQUb+9kkzzzP+kh07fP0yNbhtFejURnyVXSX3FYy2nVNW1QTnNjgBQ==
    dependencies:
      postcss "^7.0.0"
  
  postcss-discard-duplicates@^4.0.2:
    version "4.0.2"
    resolved "https://registry.yarnpkg.com/postcss-discard-duplicates/-/postcss-discard-duplicates-4.0.2.tgz#3fe133cd3c82282e550fc9b239176a9207b784eb"
    integrity sha512-ZNQfR1gPNAiXZhgENFfEglF93pciw0WxMkJeVmw8eF+JZBbMD7jp6C67GqJAXVZP2BWbOztKfbsdmMp/k8c6oQ==
    dependencies:
      postcss "^7.0.0"
  
  postcss-discard-empty@^4.0.1:
    version "4.0.1"
    resolved "https://registry.yarnpkg.com/postcss-discard-empty/-/postcss-discard-empty-4.0.1.tgz#c8c951e9f73ed9428019458444a02ad90bb9f765"
    integrity sha512-B9miTzbznhDjTfjvipfHoqbWKwd0Mj+/fL5s1QOz06wufguil+Xheo4XpOnc4NqKYBCNqqEzgPv2aPBIJLox0w==
    dependencies:
      postcss "^7.0.0"
  
  postcss-discard-overridden@^4.0.1:
    version "4.0.1"
    resolved "https://registry.yarnpkg.com/postcss-discard-overridden/-/postcss-discard-overridden-4.0.1.tgz#652aef8a96726f029f5e3e00146ee7a4e755ff57"
    integrity sha512-IYY2bEDD7g1XM1IDEsUT4//iEYCxAmP5oDSFMVU/JVvT7gh+l4fmjciLqGgwjdWpQIdb0Che2VX00QObS5+cTg==
    dependencies:
      postcss "^7.0.0"
  
  postcss-load-config@^2.0.0:
    version "2.0.0"
    resolved "https://registry.yarnpkg.com/postcss-load-config/-/postcss-load-config-2.0.0.tgz#f1312ddbf5912cd747177083c5ef7a19d62ee484"
    integrity sha512-V5JBLzw406BB8UIfsAWSK2KSwIJ5yoEIVFb4gVkXci0QdKgA24jLmHZ/ghe/GgX0lJ0/D1uUK1ejhzEY94MChQ==
    dependencies:
      cosmiconfig "^4.0.0"
      import-cwd "^2.0.0"
  
  postcss-merge-longhand@^4.0.10:
    version "4.0.10"
    resolved "https://registry.yarnpkg.com/postcss-merge-longhand/-/postcss-merge-longhand-4.0.10.tgz#c4d63ab57bdc054ab4067ab075d488c8c2978380"
    integrity sha512-hME10s6CSjm9nlVIcO1ukR7Jr5RisTaaC1y83jWCivpuBtPohA3pZE7cGTIVSYjXvLnXozHTiVOkG4dnnl756g==
    dependencies:
      css-color-names "0.0.4"
      postcss "^7.0.0"
      postcss-value-parser "^3.0.0"
      stylehacks "^4.0.0"
  
  postcss-merge-rules@^4.0.2:
    version "4.0.2"
    resolved "https://registry.yarnpkg.com/postcss-merge-rules/-/postcss-merge-rules-4.0.2.tgz#2be44401bf19856f27f32b8b12c0df5af1b88e74"
    integrity sha512-UiuXwCCJtQy9tAIxsnurfF0mrNHKc4NnNx6NxqmzNNjXpQwLSukUxELHTRF0Rg1pAmcoKLih8PwvZbiordchag==
    dependencies:
      browserslist "^4.0.0"
      caniuse-api "^3.0.0"
      cssnano-util-same-parent "^4.0.0"
      postcss "^7.0.0"
      postcss-selector-parser "^3.0.0"
      vendors "^1.0.0"
  
  postcss-minify-font-values@^4.0.2:
    version "4.0.2"
    resolved "https://registry.yarnpkg.com/postcss-minify-font-values/-/postcss-minify-font-values-4.0.2.tgz#cd4c344cce474343fac5d82206ab2cbcb8afd5a6"
    integrity sha512-j85oO6OnRU9zPf04+PZv1LYIYOprWm6IA6zkXkrJXyRveDEuQggG6tvoy8ir8ZwjLxLuGfNkCZEQG7zan+Hbtg==
    dependencies:
      postcss "^7.0.0"
      postcss-value-parser "^3.0.0"
  
  postcss-minify-gradients@^4.0.1:
    version "4.0.1"
    resolved "https://registry.yarnpkg.com/postcss-minify-gradients/-/postcss-minify-gradients-4.0.1.tgz#6da95c6e92a809f956bb76bf0c04494953e1a7dd"
    integrity sha512-pySEW3E6Ly5mHm18rekbWiAjVi/Wj8KKt2vwSfVFAWdW6wOIekgqxKxLU7vJfb107o3FDNPkaYFCxGAJBFyogA==
    dependencies:
      cssnano-util-get-arguments "^4.0.0"
      is-color-stop "^1.0.0"
      postcss "^7.0.0"
      postcss-value-parser "^3.0.0"
  
  postcss-minify-params@^4.0.1:
    version "4.0.1"
    resolved "https://registry.yarnpkg.com/postcss-minify-params/-/postcss-minify-params-4.0.1.tgz#5b2e2d0264dd645ef5d68f8fec0d4c38c1cf93d2"
    integrity sha512-h4W0FEMEzBLxpxIVelRtMheskOKKp52ND6rJv+nBS33G1twu2tCyurYj/YtgU76+UDCvWeNs0hs8HFAWE2OUFg==
    dependencies:
      alphanum-sort "^1.0.0"
      browserslist "^4.0.0"
      cssnano-util-get-arguments "^4.0.0"
      postcss "^7.0.0"
      postcss-value-parser "^3.0.0"
      uniqs "^2.0.0"
  
  postcss-minify-selectors@^4.0.1:
    version "4.0.1"
    resolved "https://registry.yarnpkg.com/postcss-minify-selectors/-/postcss-minify-selectors-4.0.1.tgz#a891c197977cc37abf60b3ea06b84248b1c1e9cd"
    integrity sha512-8+plQkomve3G+CodLCgbhAKrb5lekAnLYuL1d7Nz+/7RANpBEVdgBkPNwljfSKvZ9xkkZTZITd04KP+zeJTJqg==
    dependencies:
      alphanum-sort "^1.0.0"
      has "^1.0.0"
      postcss "^7.0.0"
      postcss-selector-parser "^3.0.0"
  
  postcss-modules-extract-imports@1.1.0:
    version "1.1.0"
    resolved "https://registry.yarnpkg.com/postcss-modules-extract-imports/-/postcss-modules-extract-imports-1.1.0.tgz#b614c9720be6816eaee35fb3a5faa1dba6a05ddb"
    integrity sha1-thTJcgvmgW6u41+zpfqh26agXds=
    dependencies:
      postcss "^6.0.1"
  
  postcss-modules-local-by-default@1.2.0:
    version "1.2.0"
    resolved "https://registry.yarnpkg.com/postcss-modules-local-by-default/-/postcss-modules-local-by-default-1.2.0.tgz#f7d80c398c5a393fa7964466bd19500a7d61c069"
    integrity sha1-99gMOYxaOT+nlkRmvRlQCn1hwGk=
    dependencies:
      css-selector-tokenizer "^0.7.0"
      postcss "^6.0.1"
  
  postcss-modules-scope@1.1.0:
    version "1.1.0"
    resolved "https://registry.yarnpkg.com/postcss-modules-scope/-/postcss-modules-scope-1.1.0.tgz#d6ea64994c79f97b62a72b426fbe6056a194bb90"
    integrity sha1-1upkmUx5+XtipytCb75gVqGUu5A=
    dependencies:
      css-selector-tokenizer "^0.7.0"
      postcss "^6.0.1"
  
  postcss-modules-values@1.3.0:
    version "1.3.0"
    resolved "https://registry.yarnpkg.com/postcss-modules-values/-/postcss-modules-values-1.3.0.tgz#ecffa9d7e192518389f42ad0e83f72aec456ea20"
    integrity sha1-7P+p1+GSUYOJ9CrQ6D9yrsRW6iA=
    dependencies:
      icss-replace-symbols "^1.1.0"
      postcss "^6.0.1"
  
  postcss-modules@^1.4.1:
    version "1.4.1"
    resolved "https://registry.yarnpkg.com/postcss-modules/-/postcss-modules-1.4.1.tgz#8aa35bd3461db67e27377a7ce770d77b654a84ef"
    integrity sha512-btTrbK+Xc3NBuYF8TPBjCMRSp5h6NoQ1iVZ6WiDQENIze6KIYCSf0+UFQuV3yJ7gRHA+4AAtF8i2jRvUpbBMMg==
    dependencies:
      css-modules-loader-core "^1.1.0"
      generic-names "^1.0.3"
      lodash.camelcase "^4.3.0"
      postcss "^7.0.1"
      string-hash "^1.1.1"
  
  postcss-normalize-charset@^4.0.1:
    version "4.0.1"
    resolved "https://registry.yarnpkg.com/postcss-normalize-charset/-/postcss-normalize-charset-4.0.1.tgz#8b35add3aee83a136b0471e0d59be58a50285dd4"
    integrity sha512-gMXCrrlWh6G27U0hF3vNvR3w8I1s2wOBILvA87iNXaPvSNo5uZAMYsZG7XjCUf1eVxuPfyL4TJ7++SGZLc9A3g==
    dependencies:
      postcss "^7.0.0"
  
  postcss-normalize-display-values@^4.0.1:
    version "4.0.1"
    resolved "https://registry.yarnpkg.com/postcss-normalize-display-values/-/postcss-normalize-display-values-4.0.1.tgz#d9a83d47c716e8a980f22f632c8b0458cfb48a4c"
    integrity sha512-R5mC4vaDdvsrku96yXP7zak+O3Mm9Y8IslUobk7IMP+u/g+lXvcN4jngmHY5zeJnrQvE13dfAg5ViU05ZFDwdg==
    dependencies:
      cssnano-util-get-match "^4.0.0"
      postcss "^7.0.0"
      postcss-value-parser "^3.0.0"
  
  postcss-normalize-positions@^4.0.1:
    version "4.0.1"
    resolved "https://registry.yarnpkg.com/postcss-normalize-positions/-/postcss-normalize-positions-4.0.1.tgz#ee2d4b67818c961964c6be09d179894b94fd6ba1"
    integrity sha512-GNoOaLRBM0gvH+ZRb2vKCIujzz4aclli64MBwDuYGU2EY53LwiP7MxOZGE46UGtotrSnmarPPZ69l2S/uxdaWA==
    dependencies:
      cssnano-util-get-arguments "^4.0.0"
      has "^1.0.0"
      postcss "^7.0.0"
      postcss-value-parser "^3.0.0"
  
  postcss-normalize-repeat-style@^4.0.1:
    version "4.0.1"
    resolved "https://registry.yarnpkg.com/postcss-normalize-repeat-style/-/postcss-normalize-repeat-style-4.0.1.tgz#5293f234b94d7669a9f805495d35b82a581c50e5"
    integrity sha512-fFHPGIjBUyUiswY2rd9rsFcC0t3oRta4wxE1h3lpwfQZwFeFjXFSiDtdJ7APCmHQOnUZnqYBADNRPKPwFAONgA==
    dependencies:
      cssnano-util-get-arguments "^4.0.0"
      cssnano-util-get-match "^4.0.0"
      postcss "^7.0.0"
      postcss-value-parser "^3.0.0"
  
  postcss-normalize-string@^4.0.1:
    version "4.0.1"
    resolved "https://registry.yarnpkg.com/postcss-normalize-string/-/postcss-normalize-string-4.0.1.tgz#23c5030c2cc24175f66c914fa5199e2e3c10fef3"
    integrity sha512-IJoexFTkAvAq5UZVxWXAGE0yLoNN/012v7TQh5nDo6imZJl2Fwgbhy3J2qnIoaDBrtUP0H7JrXlX1jjn2YcvCQ==
    dependencies:
      has "^1.0.0"
      postcss "^7.0.0"
      postcss-value-parser "^3.0.0"
  
  postcss-normalize-timing-functions@^4.0.1:
    version "4.0.1"
    resolved "https://registry.yarnpkg.com/postcss-normalize-timing-functions/-/postcss-normalize-timing-functions-4.0.1.tgz#8be83e0b9cb3ff2d1abddee032a49108f05f95d7"
    integrity sha512-1nOtk7ze36+63ONWD8RCaRDYsnzorrj+Q6fxkQV+mlY5+471Qx9kspqv0O/qQNMeApg8KNrRf496zHwJ3tBZ7w==
    dependencies:
      cssnano-util-get-match "^4.0.0"
      postcss "^7.0.0"
      postcss-value-parser "^3.0.0"
  
  postcss-normalize-unicode@^4.0.1:
    version "4.0.1"
    resolved "https://registry.yarnpkg.com/postcss-normalize-unicode/-/postcss-normalize-unicode-4.0.1.tgz#841bd48fdcf3019ad4baa7493a3d363b52ae1cfb"
    integrity sha512-od18Uq2wCYn+vZ/qCOeutvHjB5jm57ToxRaMeNuf0nWVHaP9Hua56QyMF6fs/4FSUnVIw0CBPsU0K4LnBPwYwg==
    dependencies:
      browserslist "^4.0.0"
      postcss "^7.0.0"
      postcss-value-parser "^3.0.0"
  
  postcss-normalize-url@^4.0.1:
    version "4.0.1"
    resolved "https://registry.yarnpkg.com/postcss-normalize-url/-/postcss-normalize-url-4.0.1.tgz#10e437f86bc7c7e58f7b9652ed878daaa95faae1"
    integrity sha512-p5oVaF4+IHwu7VpMan/SSpmpYxcJMtkGppYf0VbdH5B6hN8YNmVyJLuY9FmLQTzY3fag5ESUUHDqM+heid0UVA==
    dependencies:
      is-absolute-url "^2.0.0"
      normalize-url "^3.0.0"
      postcss "^7.0.0"
      postcss-value-parser "^3.0.0"
  
  postcss-normalize-whitespace@^4.0.1:
    version "4.0.1"
    resolved "https://registry.yarnpkg.com/postcss-normalize-whitespace/-/postcss-normalize-whitespace-4.0.1.tgz#d14cb639b61238418ac8bc8d3b7bdd65fc86575e"
    integrity sha512-U8MBODMB2L+nStzOk6VvWWjZgi5kQNShCyjRhMT3s+W9Jw93yIjOnrEkKYD3Ul7ChWbEcjDWmXq0qOL9MIAnAw==
    dependencies:
      postcss "^7.0.0"
      postcss-value-parser "^3.0.0"
  
  postcss-ordered-values@^4.1.1:
    version "4.1.1"
    resolved "https://registry.yarnpkg.com/postcss-ordered-values/-/postcss-ordered-values-4.1.1.tgz#2e3b432ef3e489b18333aeca1f1295eb89be9fc2"
    integrity sha512-PeJiLgJWPzkVF8JuKSBcylaU+hDJ/TX3zqAMIjlghgn1JBi6QwQaDZoDIlqWRcCAI8SxKrt3FCPSRmOgKRB97Q==
    dependencies:
      cssnano-util-get-arguments "^4.0.0"
      postcss "^7.0.0"
      postcss-value-parser "^3.0.0"
  
  postcss-reduce-initial@^4.0.2:
    version "4.0.2"
    resolved "https://registry.yarnpkg.com/postcss-reduce-initial/-/postcss-reduce-initial-4.0.2.tgz#bac8e325d67510ee01fa460676dc8ea9e3b40f15"
    integrity sha512-epUiC39NonKUKG+P3eAOKKZtm5OtAtQJL7Ye0CBN1f+UQTHzqotudp+hki7zxXm7tT0ZAKDMBj1uihpPjP25ug==
    dependencies:
      browserslist "^4.0.0"
      caniuse-api "^3.0.0"
      has "^1.0.0"
      postcss "^7.0.0"
  
  postcss-reduce-transforms@^4.0.1:
    version "4.0.1"
    resolved "https://registry.yarnpkg.com/postcss-reduce-transforms/-/postcss-reduce-transforms-4.0.1.tgz#8600d5553bdd3ad640f43bff81eb52f8760d4561"
    integrity sha512-sZVr3QlGs0pjh6JAIe6DzWvBaqYw05V1t3d9Tp+VnFRT5j+rsqoWsysh/iSD7YNsULjq9IAylCznIwVd5oU/zA==
    dependencies:
      cssnano-util-get-match "^4.0.0"
      has "^1.0.0"
      postcss "^7.0.0"
      postcss-value-parser "^3.0.0"
  
  postcss-selector-parser@^3.0.0:
    version "3.1.1"
    resolved "https://registry.yarnpkg.com/postcss-selector-parser/-/postcss-selector-parser-3.1.1.tgz#4f875f4afb0c96573d5cf4d74011aee250a7e865"
    integrity sha1-T4dfSvsMllc9XPTXQBGu4lCn6GU=
    dependencies:
      dot-prop "^4.1.1"
      indexes-of "^1.0.1"
      uniq "^1.0.1"
  
  postcss-selector-parser@^5.0.0-rc.4:
    version "5.0.0"
    resolved "https://registry.yarnpkg.com/postcss-selector-parser/-/postcss-selector-parser-5.0.0.tgz#249044356697b33b64f1a8f7c80922dddee7195c"
    integrity sha512-w+zLE5Jhg6Liz8+rQOWEAwtwkyqpfnmsinXjXg6cY7YIONZZtgvE0v2O0uhQBs0peNomOJwWRKt6JBfTdTd3OQ==
    dependencies:
      cssesc "^2.0.0"
      indexes-of "^1.0.1"
      uniq "^1.0.1"
  
  postcss-svgo@^4.0.1:
    version "4.0.1"
    resolved "https://registry.yarnpkg.com/postcss-svgo/-/postcss-svgo-4.0.1.tgz#5628cdb38f015de6b588ce6d0bf0724b492b581d"
    integrity sha512-YD5uIk5NDRySy0hcI+ZJHwqemv2WiqqzDgtvgMzO8EGSkK5aONyX8HMVFRFJSdO8wUWTuisUFn/d7yRRbBr5Qw==
    dependencies:
      is-svg "^3.0.0"
      postcss "^7.0.0"
      postcss-value-parser "^3.0.0"
      svgo "^1.0.0"
  
  postcss-unique-selectors@^4.0.1:
    version "4.0.1"
    resolved "https://registry.yarnpkg.com/postcss-unique-selectors/-/postcss-unique-selectors-4.0.1.tgz#9446911f3289bfd64c6d680f073c03b1f9ee4bac"
    integrity sha512-+JanVaryLo9QwZjKrmJgkI4Fn8SBgRO6WXQBJi7KiAVPlmxikB5Jzc4EvXMT2H0/m0RjrVVm9rGNhZddm/8Spg==
    dependencies:
      alphanum-sort "^1.0.0"
      postcss "^7.0.0"
      uniqs "^2.0.0"
  
  postcss-value-parser@^3.0.0, postcss-value-parser@^3.3.1:
    version "3.3.1"
    resolved "https://registry.yarnpkg.com/postcss-value-parser/-/postcss-value-parser-3.3.1.tgz#9ff822547e2893213cf1c30efa51ac5fd1ba8281"
    integrity sha512-pISE66AbVkp4fDQ7VHBwRNXzAAKJjw4Vw7nWI/+Q3vuly7SNfgYXvm6i5IgFylHGK5sP/xHAbB7N49OS4gWNyQ==
  
  postcss@6.0.1:
    version "6.0.1"
    resolved "https://registry.yarnpkg.com/postcss/-/postcss-6.0.1.tgz#000dbd1f8eef217aa368b9a212c5fc40b2a8f3f2"
    integrity sha1-AA29H47vIXqjaLmiEsX8QLKo8/I=
    dependencies:
      chalk "^1.1.3"
      source-map "^0.5.6"
      supports-color "^3.2.3"
  
  postcss@^6.0.1:
    version "6.0.23"
    resolved "https://registry.yarnpkg.com/postcss/-/postcss-6.0.23.tgz#61c82cc328ac60e677645f979054eb98bc0e3324"
    integrity sha512-soOk1h6J3VMTZtVeVpv15/Hpdl2cBLX3CAw4TAbkpTJiNPk9YP/zWcD1ND+xEtvyuuvKzbxliTOIyvkSeSJ6ag==
    dependencies:
      chalk "^2.4.1"
      source-map "^0.6.1"
      supports-color "^5.4.0"
  
  postcss@^7.0.0, postcss@^7.0.1, postcss@^7.0.14, postcss@^7.0.5:
    version "7.0.14"
    resolved "https://registry.yarnpkg.com/postcss/-/postcss-7.0.14.tgz#4527ed6b1ca0d82c53ce5ec1a2041c2346bbd6e5"
    integrity sha512-NsbD6XUUMZvBxtQAJuWDJeeC4QFsmWsfozWxCJPWf3M55K9iu2iMDaKqyoOdTJ1R4usBXuxlVFAIo8rZPQD4Bg==
    dependencies:
      chalk "^2.4.2"
      source-map "^0.6.1"
      supports-color "^6.1.0"
  
  preserve@^0.2.0:
    version "0.2.0"
    resolved "https://registry.yarnpkg.com/preserve/-/preserve-0.2.0.tgz#815ed1f6ebc65926f865b310c0713bcb3315ce4b"
    integrity sha1-gV7R9uvGWSb4ZbMQwHE7yzMVzks=
  
  promise.series@^0.2.0:
    version "0.2.0"
    resolved "https://registry.yarnpkg.com/promise.series/-/promise.series-0.2.0.tgz#2cc7ebe959fc3a6619c04ab4dbdc9e452d864bbd"
    integrity sha1-LMfr6Vn8OmYZwEq029yeRS2GS70=
  
  punycode@^1.3.2:
    version "1.4.1"
    resolved "https://registry.yarnpkg.com/punycode/-/punycode-1.4.1.tgz#c0d5a63b2718800ad8e1eb0fa5269c84dd41845e"
    integrity sha1-wNWmOycYgArY4esPpSachN1BhF4=
  
  punycode@^2.1.0:
    version "2.1.1"
    resolved "https://registry.yarnpkg.com/punycode/-/punycode-2.1.1.tgz#b58b010ac40c22c5657616c8d2c2c02c7bf479ec"
    integrity sha512-XRsRjdf+j5ml+y/6GKHPZbrF/8p2Yga0JPtdqTIY2Xe5ohJPD9saDJJLPvp9+NSBprVvevdXZybnj2cv8OEd0A==
  
  q@^1.1.2:
    version "1.5.1"
    resolved "https://registry.yarnpkg.com/q/-/q-1.5.1.tgz#7e32f75b41381291d04611f1bf14109ac00651d7"
    integrity sha1-fjL3W0E4EpHQRhHxvxQQmsAGUdc=
  
  randomatic@^3.0.0:
    version "3.1.1"
    resolved "https://registry.yarnpkg.com/randomatic/-/randomatic-3.1.1.tgz#b776efc59375984e36c537b2f51a1f0aff0da1ed"
    integrity sha512-TuDE5KxZ0J461RVjrJZCJc+J+zCkTb1MbH9AQUq68sMhOMcy9jLcb3BrZKgp9q9Ncltdg4QVqWrH02W2EFFVYw==
    dependencies:
      is-number "^4.0.0"
      kind-of "^6.0.0"
      math-random "^1.0.1"
  
  rc@^1.0.1, rc@^1.1.6:
    version "1.2.8"
    resolved "https://registry.yarnpkg.com/rc/-/rc-1.2.8.tgz#cd924bf5200a075b83c188cd6b9e211b7fc0d3ed"
    integrity sha512-y3bGgqKj3QBdxLbLkomlohkvsA8gdAiUQlSBJnBhfn+BPxg4bc62d8TcBW15wavDfgexCgccckhcZvywyQYPOw==
    dependencies:
      deep-extend "^0.6.0"
      ini "~1.3.0"
      minimist "^1.2.0"
      strip-json-comments "~2.0.1"
  
  read-pkg@^3.0.0:
    version "3.0.0"
    resolved "https://registry.yarnpkg.com/read-pkg/-/read-pkg-3.0.0.tgz#9cbc686978fee65d16c00e2b19c237fcf6e38389"
    integrity sha1-nLxoaXj+5l0WwA4rGcI3/Pbjg4k=
    dependencies:
      load-json-file "^4.0.0"
      normalize-package-data "^2.3.2"
      path-type "^3.0.0"
  
  regenerate@^1.2.1:
    version "1.4.0"
    resolved "https://registry.yarnpkg.com/regenerate/-/regenerate-1.4.0.tgz#4a856ec4b56e4077c557589cae85e7a4c8869a11"
    integrity sha512-1G6jJVDWrt0rK99kBjvEtziZNCICAuvIPkSiUFIQxVP06RCVpq3dmDo2oi6ABpYaDYaTRr67BEhL8r1wgEZZKg==
  
  regex-cache@^0.4.2:
    version "0.4.4"
    resolved "https://registry.yarnpkg.com/regex-cache/-/regex-cache-0.4.4.tgz#75bdc58a2a1496cec48a12835bc54c8d562336dd"
    integrity sha512-nVIZwtCjkC9YgvWkpM55B5rBhBYRZhAaJbgcFYXXsHnbZ9UZI9nnVWYZpBlCqv9ho2eZryPnWrZGsOdPwVWXWQ==
    dependencies:
      is-equal-shallow "^0.1.3"
  
  regexpu-core@^1.0.0:
    version "1.0.0"
    resolved "https://registry.yarnpkg.com/regexpu-core/-/regexpu-core-1.0.0.tgz#86a763f58ee4d7c2f6b102e4764050de7ed90c6b"
    integrity sha1-hqdj9Y7k18L2sQLkdkBQ3n7ZDGs=
    dependencies:
      regenerate "^1.2.1"
      regjsgen "^0.2.0"
      regjsparser "^0.1.4"
  
  registry-auth-token@3.3.2:
    version "3.3.2"
    resolved "https://registry.yarnpkg.com/registry-auth-token/-/registry-auth-token-3.3.2.tgz#851fd49038eecb586911115af845260eec983f20"
    integrity sha512-JL39c60XlzCVgNrO+qq68FoNb56w/m7JYvGR2jT5iR1xBrUA3Mfx5Twk5rqTThPmQKMWydGmq8oFtDlxfrmxnQ==
    dependencies:
      rc "^1.1.6"
      safe-buffer "^5.0.1"
  
  registry-url@3.1.0:
    version "3.1.0"
    resolved "https://registry.yarnpkg.com/registry-url/-/registry-url-3.1.0.tgz#3d4ef870f73dde1d77f0cf9a381432444e174942"
    integrity sha1-PU74cPc93h138M+aOBQyRE4XSUI=
    dependencies:
      rc "^1.0.1"
  
  regjsgen@^0.2.0:
    version "0.2.0"
    resolved "https://registry.yarnpkg.com/regjsgen/-/regjsgen-0.2.0.tgz#6c016adeac554f75823fe37ac05b92d5a4edb1f7"
    integrity sha1-bAFq3qxVT3WCP+N6wFuS1aTtsfc=
  
  regjsparser@^0.1.4:
    version "0.1.5"
    resolved "https://registry.yarnpkg.com/regjsparser/-/regjsparser-0.1.5.tgz#7ee8f84dc6fa792d3fd0ae228d24bd949ead205c"
    integrity sha1-fuj4Tcb6eS0/0K4ijSS9lJ6tIFw=
    dependencies:
      jsesc "~0.5.0"
  
  remove-trailing-separator@^1.0.1:
    version "1.1.0"
    resolved "https://registry.yarnpkg.com/remove-trailing-separator/-/remove-trailing-separator-1.1.0.tgz#c24bce2a283adad5bc3f58e0d48249b92379d8ef"
    integrity sha1-wkvOKig62tW8P1jg1IJJuSN52O8=
  
  repeat-element@^1.1.2:
    version "1.1.3"
    resolved "https://registry.yarnpkg.com/repeat-element/-/repeat-element-1.1.3.tgz#782e0d825c0c5a3bb39731f84efee6b742e6b1ce"
    integrity sha512-ahGq0ZnV5m5XtZLMb+vP76kcAM5nkLqk0lpqAuojSKGgQtn4eRi4ZZGm2olo2zKFH+sMsWaqOCW1dqAnOru72g==
  
  repeat-string@^1.5.2:
    version "1.6.1"
    resolved "https://registry.yarnpkg.com/repeat-string/-/repeat-string-1.6.1.tgz#8dcae470e1c88abc2d600fff4a776286da75e637"
    integrity sha1-jcrkcOHIirwtYA//Sndihtp15jc=
  
  require-from-string@^2.0.1:
    version "2.0.2"
    resolved "https://registry.yarnpkg.com/require-from-string/-/require-from-string-2.0.2.tgz#89a7fdd938261267318eafe14f9c32e598c36909"
    integrity sha512-Xf0nWe6RseziFMu+Ap9biiUbmplq6S9/p+7w7YXP/JBHhrUDDUhwa+vANyubuqfZWTveU//DYVGsDG7RKL/vEw==
  
  reserved-words@^0.1.2:
    version "0.1.2"
    resolved "https://registry.yarnpkg.com/reserved-words/-/reserved-words-0.1.2.tgz#00a0940f98cd501aeaaac316411d9adc52b31ab1"
    integrity sha1-AKCUD5jNUBrqqsMWQR2a3FKzGrE=
  
  resolve-from@^3.0.0:
    version "3.0.0"
    resolved "https://registry.yarnpkg.com/resolve-from/-/resolve-from-3.0.0.tgz#b22c7af7d9d6881bc8b6e653335eebcb0a188748"
    integrity sha1-six699nWiBvItuZTM17rywoYh0g=
  
  resolve@^1.1.6, resolve@^1.5.0, resolve@^1.8.1:
    version "1.10.0"
    resolved "https://registry.yarnpkg.com/resolve/-/resolve-1.10.0.tgz#3bdaaeaf45cc07f375656dfd2e54ed0810b101ba"
    integrity sha512-3sUr9aq5OfSg2S9pNtPA9hL1FVEAjvfOC4leW0SNf/mpnaakz2a9femSd6LqAww2RaFctwyf1lCqnTHuF1rxDg==
    dependencies:
      path-parse "^1.0.6"
  
  rgb-regex@^1.0.1:
    version "1.0.1"
    resolved "https://registry.yarnpkg.com/rgb-regex/-/rgb-regex-1.0.1.tgz#c0e0d6882df0e23be254a475e8edd41915feaeb1"
    integrity sha1-wODWiC3w4jviVKR16O3UGRX+rrE=
  
  rgba-regex@^1.0.0:
    version "1.0.0"
    resolved "https://registry.yarnpkg.com/rgba-regex/-/rgba-regex-1.0.0.tgz#43374e2e2ca0968b0ef1523460b7d730ff22eeb3"
    integrity sha1-QzdOLiyglosO8VI0YLfXMP8i7rM=
  
  rollup-plugin-commonjs@^9.1.3:
    version "9.2.0"
    resolved "https://registry.yarnpkg.com/rollup-plugin-commonjs/-/rollup-plugin-commonjs-9.2.0.tgz#4604e25069e0c78a09e08faa95dc32dec27f7c89"
    integrity sha512-0RM5U4Vd6iHjL6rLvr3lKBwnPsaVml+qxOGaaNUWN1lSq6S33KhITOfHmvxV3z2vy9Mk4t0g4rNlVaJJsNQPWA==
    dependencies:
      estree-walker "^0.5.2"
      magic-string "^0.25.1"
      resolve "^1.8.1"
      rollup-pluginutils "^2.3.3"
  
  rollup-plugin-node-resolve@^3.3.0:
    version "3.4.0"
    resolved "https://registry.yarnpkg.com/rollup-plugin-node-resolve/-/rollup-plugin-node-resolve-3.4.0.tgz#908585eda12e393caac7498715a01e08606abc89"
    integrity sha512-PJcd85dxfSBWih84ozRtBkB731OjXk0KnzN0oGp7WOWcarAFkVa71cV5hTJg2qpVsV2U8EUwrzHP3tvy9vS3qg==
    dependencies:
      builtin-modules "^2.0.0"
      is-module "^1.0.0"
      resolve "^1.1.6"
  
  rollup-plugin-postcss@^2.0.3:
    version "2.0.3"
    resolved "https://registry.yarnpkg.com/rollup-plugin-postcss/-/rollup-plugin-postcss-2.0.3.tgz#1fd5b7e1fc7545cb0084d9c99d11b259e41a05e6"
    integrity sha512-d12oKl6za/GGXmlytzVPzzTdPCKgti/Kq2kNhtfm5vv9hkNbyrTvizMBm6zZ5rRWX/sIWl3znjIJ8xy6Hofoeg==
    dependencies:
      chalk "^2.4.2"
      concat-with-sourcemaps "^1.0.5"
      cssnano "^4.1.8"
      import-cwd "^2.1.0"
      p-queue "^2.4.2"
      pify "^3.0.0"
      postcss "^7.0.14"
      postcss-load-config "^2.0.0"
      postcss-modules "^1.4.1"
      promise.series "^0.2.0"
      reserved-words "^0.1.2"
      resolve "^1.5.0"
      rollup-pluginutils "^2.0.1"
      style-inject "^0.3.0"
  
  rollup-plugin-uglify@^4.0.0:
    version "4.0.0"
    resolved "https://registry.yarnpkg.com/rollup-plugin-uglify/-/rollup-plugin-uglify-4.0.0.tgz#6eb471738f1ce9ba7d9d4bc43b71cba02417c8fb"
    integrity sha512-f6W31EQLzxSEYfN3x6/lyljHqXSoCjXKcTsnwz3evQvHgU1+qTzU2SE0SIG7tbAvaCewp2UaZ5x3k6nYsxOP9A==
    dependencies:
      "@babel/code-frame" "^7.0.0-beta.47"
      uglify-js "^3.3.25"
  
  rollup-pluginutils@^2.0.1, rollup-pluginutils@^2.3.3:
    version "2.3.3"
    resolved "https://registry.yarnpkg.com/rollup-pluginutils/-/rollup-pluginutils-2.3.3.tgz#3aad9b1eb3e7fe8262820818840bf091e5ae6794"
    integrity sha512-2XZwja7b6P5q4RZ5FhyX1+f46xi1Z3qBKigLRZ6VTZjwbN0K1IFGMlwm06Uu0Emcre2Z63l77nq/pzn+KxIEoA==
    dependencies:
      estree-walker "^0.5.2"
      micromatch "^2.3.11"
  
  rollup@^0.60.1:
    version "0.60.7"
    resolved "https://registry.yarnpkg.com/rollup/-/rollup-0.60.7.tgz#2b62ef9306f719b1ab85a7814b3e6596ac51fae8"
    integrity sha512-Uj5I1A2PnDgA79P+v1dsNs1IHVydNgeJdKWRfoEJJdNMmyx07TRYqUtPUINaZ/gDusncFy1SZsT3lJnBBI8CGw==
    dependencies:
      "@types/estree" "0.0.39"
      "@types/node" "*"
  
  safe-buffer@^5.0.1:
    version "5.1.2"
    resolved "https://registry.yarnpkg.com/safe-buffer/-/safe-buffer-5.1.2.tgz#991ec69d296e0313747d59bdfd2b745c35f8828d"
    integrity sha512-Gd2UZBJDkXlY7GbJxfsE8/nvKkUEU1G38c1siN6QP6a9PT9MmHB8GnpscSmMJSoF8LOIrt8ud/wPtojys4G6+g==
  
  sax@~1.2.4:
    version "1.2.4"
    resolved "https://registry.yarnpkg.com/sax/-/sax-1.2.4.tgz#2816234e2378bddc4e5354fab5caa895df7100d9"
    integrity sha512-NqVDv9TpANUjFm0N8uM5GxL36UgKi9/atZw+x7YFnQ8ckwFGKrl4xX4yWtrey3UJm5nP1kUbnYgLopqWNSRhWw==
  
  "semver@2 || 3 || 4 || 5", semver@^5.3.0, semver@^5.5.0:
    version "5.6.0"
    resolved "https://registry.yarnpkg.com/semver/-/semver-5.6.0.tgz#7e74256fbaa49c75aa7c7a205cc22799cac80004"
    integrity sha512-RS9R6R35NYgQn++fkDWaOmqGoj4Ek9gGs+DPxNUZKuwE183xjJroKvyo1IzVFeXvUrvmALy6FWD5xrdJT25gMg==
  
  serve-handler@3.2.0:
    version "3.2.0"
    resolved "https://registry.yarnpkg.com/serve-handler/-/serve-handler-3.2.0.tgz#c94015abf09471ece634c32d221f4b0f36500f0b"
    integrity sha512-rZp9xAmhOI6WcD4nun5d4uGajFkTbcSFMWGA7iFpkDVl6XLC+5BqbSmjarhEdeIW1pp5pF9tuIihNGbWjaCgsg==
    dependencies:
      bytes "3.0.0"
      content-disposition "0.5.2"
      fast-url-parser "1.1.3"
      glob-slasher "1.0.1"
      mime-types "2.1.18"
      minimatch "3.0.4"
      path-is-inside "1.0.2"
      path-to-regexp "2.2.1"
  
  serve@^8.1.2:
    version "8.2.0"
    resolved "https://registry.yarnpkg.com/serve/-/serve-8.2.0.tgz#508a47bdaa40b8f4d2648470f3e0f83713cf6ab1"
    integrity sha512-GshILUSkhyPnXDdGfpsJbA8m0M4s6SfafaiMV01fvnLdHCqrrqdf/FrnPNmzsbBITX2GgVZW6d6PAazv5woCMQ==
    dependencies:
      "@zeit/schemas" "1.2.0"
      ajv "6.5.1"
      arg "2.0.0"
      chalk "2.4.1"
      serve-handler "3.2.0"
      update-check "1.5.2"
  
  shebang-command@^1.2.0:
    version "1.2.0"
    resolved "https://registry.yarnpkg.com/shebang-command/-/shebang-command-1.2.0.tgz#44aac65b695b03398968c39f363fee5deafdf1ea"
    integrity sha1-RKrGW2lbAzmJaMOfNj/uXer98eo=
    dependencies:
      shebang-regex "^1.0.0"
  
  shebang-regex@^1.0.0:
    version "1.0.0"
    resolved "https://registry.yarnpkg.com/shebang-regex/-/shebang-regex-1.0.0.tgz#da42f49740c0b42db2ca9728571cb190c98efea3"
    integrity sha1-2kL0l0DAtC2yypcoVxyxkMmO/qM=
  
  shell-quote@^1.6.1:
    version "1.6.1"
    resolved "https://registry.yarnpkg.com/shell-quote/-/shell-quote-1.6.1.tgz#f4781949cce402697127430ea3b3c5476f481767"
    integrity sha1-9HgZSczkAmlxJ0MOo7PFR29IF2c=
    dependencies:
      array-filter "~0.0.0"
      array-map "~0.0.0"
      array-reduce "~0.0.0"
      jsonify "~0.0.0"
  
  simple-swizzle@^0.2.2:
    version "0.2.2"
    resolved "https://registry.yarnpkg.com/simple-swizzle/-/simple-swizzle-0.2.2.tgz#a4da6b635ffcccca33f70d17cb92592de95e557a"
    integrity sha1-pNprY1/8zMoz9w0Xy5JZLeleVXo=
    dependencies:
      is-arrayish "^0.3.1"
  
  source-map@^0.5.3, source-map@^0.5.6:
    version "0.5.7"
    resolved "https://registry.yarnpkg.com/source-map/-/source-map-0.5.7.tgz#8a039d2d1021d22d1ea14c80d8ea468ba2ef3fcc"
    integrity sha1-igOdLRAh0i0eoUyA2OpGi6LvP8w=
  
  source-map@^0.6.1, source-map@~0.6.1:
    version "0.6.1"
    resolved "https://registry.yarnpkg.com/source-map/-/source-map-0.6.1.tgz#74722af32e9614e9c287a8d0bbde48b5e2f1a263"
    integrity sha512-UjgapumWlbMhkBgzT7Ykc5YXUT46F0iKu8SGXq0bcwP5dz/h0Plj6enJqjz1Zbq2l5WaqYnrVbwWOWMyF3F47g==
  
  sourcemap-codec@^1.4.1:
    version "1.4.4"
    resolved "https://registry.yarnpkg.com/sourcemap-codec/-/sourcemap-codec-1.4.4.tgz#c63ea927c029dd6bd9a2b7fa03b3fec02ad56e9f"
    integrity sha512-CYAPYdBu34781kLHkaW3m6b/uUSyMOC2R61gcYMWooeuaGtjof86ZA/8T+qVPPt7np1085CR9hmMGrySwEc8Xg==
  
  spdx-correct@^3.0.0:
    version "3.1.0"
    resolved "https://registry.yarnpkg.com/spdx-correct/-/spdx-correct-3.1.0.tgz#fb83e504445268f154b074e218c87c003cd31df4"
    integrity sha512-lr2EZCctC2BNR7j7WzJ2FpDznxky1sjfxvvYEyzxNyb6lZXHODmEoJeFu4JupYlkfha1KZpJyoqiJ7pgA1qq8Q==
    dependencies:
      spdx-expression-parse "^3.0.0"
      spdx-license-ids "^3.0.0"
  
  spdx-exceptions@^2.1.0:
    version "2.2.0"
    resolved "https://registry.yarnpkg.com/spdx-exceptions/-/spdx-exceptions-2.2.0.tgz#2ea450aee74f2a89bfb94519c07fcd6f41322977"
    integrity sha512-2XQACfElKi9SlVb1CYadKDXvoajPgBVPn/gOQLrTvHdElaVhr7ZEbqJaRnJLVNeaI4cMEAgVCeBMKF6MWRDCRA==
  
  spdx-expression-parse@^3.0.0:
    version "3.0.0"
    resolved "https://registry.yarnpkg.com/spdx-expression-parse/-/spdx-expression-parse-3.0.0.tgz#99e119b7a5da00e05491c9fa338b7904823b41d0"
    integrity sha512-Yg6D3XpRD4kkOmTpdgbUiEJFKghJH03fiC1OPll5h/0sO6neh2jqRDVHOQ4o/LMea0tgCkbMgea5ip/e+MkWyg==
    dependencies:
      spdx-exceptions "^2.1.0"
      spdx-license-ids "^3.0.0"
  
  spdx-license-ids@^3.0.0:
    version "3.0.3"
    resolved "https://registry.yarnpkg.com/spdx-license-ids/-/spdx-license-ids-3.0.3.tgz#81c0ce8f21474756148bbb5f3bfc0f36bf15d76e"
    integrity sha512-uBIcIl3Ih6Phe3XHK1NqboJLdGfwr1UN3k6wSD1dZpmPsIkb8AGNbZYJ1fOBk834+Gxy8rpfDxrS6XLEMZMY2g==
  
  sprintf-js@~1.0.2:
    version "1.0.3"
    resolved "https://registry.yarnpkg.com/sprintf-js/-/sprintf-js-1.0.3.tgz#04e6926f662895354f3dd015203633b857297e2c"
    integrity sha1-BOaSb2YolTVPPdAVIDYzuFcpfiw=
  
  stable@~0.1.6:
    version "0.1.8"
    resolved "https://registry.yarnpkg.com/stable/-/stable-0.1.8.tgz#836eb3c8382fe2936feaf544631017ce7d47a3cf"
    integrity sha512-ji9qxRnOVfcuLDySj9qzhGSEFVobyt1kIOSkj1qZzYLzq7Tos/oUUWvotUPQLlrsidqsK6tBH89Bc9kL5zHA6w==
  
  string-hash@^1.1.1:
    version "1.1.3"
    resolved "https://registry.yarnpkg.com/string-hash/-/string-hash-1.1.3.tgz#e8aafc0ac1855b4666929ed7dd1275df5d6c811b"
    integrity sha1-6Kr8CsGFW0Zmkp7X3RJ1311sgRs=
  
  string.prototype.padend@^3.0.0:
    version "3.0.0"
    resolved "https://registry.yarnpkg.com/string.prototype.padend/-/string.prototype.padend-3.0.0.tgz#f3aaef7c1719f170c5eab1c32bf780d96e21f2f0"
    integrity sha1-86rvfBcZ8XDF6rHDK/eA2W4h8vA=
    dependencies:
      define-properties "^1.1.2"
      es-abstract "^1.4.3"
      function-bind "^1.0.2"
  
  strip-ansi@^3.0.0:
    version "3.0.1"
    resolved "https://registry.yarnpkg.com/strip-ansi/-/strip-ansi-3.0.1.tgz#6a385fb8853d952d5ff05d0e8aaf94278dc63dcf"
    integrity sha1-ajhfuIU9lS1f8F0Oiq+UJ43GPc8=
    dependencies:
      ansi-regex "^2.0.0"
  
  strip-bom@^3.0.0:
    version "3.0.0"
    resolved "https://registry.yarnpkg.com/strip-bom/-/strip-bom-3.0.0.tgz#2334c18e9c759f7bdd56fdef7e9ae3d588e68ed3"
    integrity sha1-IzTBjpx1n3vdVv3vfprj1YjmjtM=
  
  strip-json-comments@~2.0.1:
    version "2.0.1"
    resolved "https://registry.yarnpkg.com/strip-json-comments/-/strip-json-comments-2.0.1.tgz#3c531942e908c2697c0ec344858c286c7ca0a60a"
    integrity sha1-PFMZQukIwml8DsNEhYwobHygpgo=
  
  style-inject@^0.3.0:
    version "0.3.0"
    resolved "https://registry.yarnpkg.com/style-inject/-/style-inject-0.3.0.tgz#d21c477affec91811cc82355832a700d22bf8dd3"
    integrity sha512-IezA2qp+vcdlhJaVm5SOdPPTUu0FCEqfNSli2vRuSIBbu5Nq5UvygTk/VzeCqfLz2Atj3dVII5QBKGZRZ0edzw==
  
  stylehacks@^4.0.0:
    version "4.0.1"
    resolved "https://registry.yarnpkg.com/stylehacks/-/stylehacks-4.0.1.tgz#3186595d047ab0df813d213e51c8b94e0b9010f2"
    integrity sha512-TK5zEPeD9NyC1uPIdjikzsgWxdQQN/ry1X3d1iOz1UkYDCmcr928gWD1KHgyC27F50UnE0xCTrBOO1l6KR8M4w==
    dependencies:
      browserslist "^4.0.0"
      postcss "^7.0.0"
      postcss-selector-parser "^3.0.0"
  
  supports-color@^2.0.0:
    version "2.0.0"
    resolved "https://registry.yarnpkg.com/supports-color/-/supports-color-2.0.0.tgz#535d045ce6b6363fa40117084629995e9df324c7"
    integrity sha1-U10EXOa2Nj+kARcIRimZXp3zJMc=
  
  supports-color@^3.2.3:
    version "3.2.3"
    resolved "https://registry.yarnpkg.com/supports-color/-/supports-color-3.2.3.tgz#65ac0504b3954171d8a64946b2ae3cbb8a5f54f6"
    integrity sha1-ZawFBLOVQXHYpklGsq48u4pfVPY=
    dependencies:
      has-flag "^1.0.0"
  
  supports-color@^5.3.0, supports-color@^5.4.0:
    version "5.5.0"
    resolved "https://registry.yarnpkg.com/supports-color/-/supports-color-5.5.0.tgz#e2e69a44ac8772f78a1ec0b35b689df6530efc8f"
    integrity sha512-QjVjwdXIt408MIiAqCX4oUKsgU2EqAGzs2Ppkm4aQYbjm+ZEWEcW4SfFNTr4uMNZma0ey4f5lgLrkB0aX0QMow==
    dependencies:
      has-flag "^3.0.0"
  
  supports-color@^6.1.0:
    version "6.1.0"
    resolved "https://registry.yarnpkg.com/supports-color/-/supports-color-6.1.0.tgz#0764abc69c63d5ac842dd4867e8d025e880df8f3"
    integrity sha512-qe1jfm1Mg7Nq/NSh6XE24gPXROEVsWHxC1LIx//XNlD9iw7YZQGjZNjYN7xGaEG6iKdA8EtNFW6R0gjnVXp+wQ==
    dependencies:
      has-flag "^3.0.0"
  
  svgo@^1.0.0:
    version "1.1.1"
    resolved "https://registry.yarnpkg.com/svgo/-/svgo-1.1.1.tgz#12384b03335bcecd85cfa5f4e3375fed671cb985"
    integrity sha512-GBkJbnTuFpM4jFbiERHDWhZc/S/kpHToqmZag3aEBjPYK44JAN2QBjvrGIxLOoCyMZjuFQIfTO2eJd8uwLY/9g==
    dependencies:
      coa "~2.0.1"
      colors "~1.1.2"
      css-select "^2.0.0"
      css-select-base-adapter "~0.1.0"
      css-tree "1.0.0-alpha.28"
      css-url-regex "^1.1.0"
      csso "^3.5.0"
      js-yaml "^3.12.0"
      mkdirp "~0.5.1"
      object.values "^1.0.4"
      sax "~1.2.4"
      stable "~0.1.6"
      unquote "~1.1.1"
      util.promisify "~1.0.0"
  
  timsort@^0.3.0:
    version "0.3.0"
    resolved "https://registry.yarnpkg.com/timsort/-/timsort-0.3.0.tgz#405411a8e7e6339fe64db9a234de11dc31e02bd4"
    integrity sha1-QFQRqOfmM5/mTbmiNN4R3DHgK9Q=
  
  toxic@^1.0.0:
    version "1.0.1"
    resolved "https://registry.yarnpkg.com/toxic/-/toxic-1.0.1.tgz#8c2e2528da591100adc3883f2c0e56acfb1c7288"
    integrity sha512-WI3rIGdcaKULYg7KVoB0zcjikqvcYYvcuT6D89bFPz2rVR0Rl0PK6x8/X62rtdLtBKIE985NzVf/auTtGegIIg==
    dependencies:
      lodash "^4.17.10"
  
  uglify-js@^3.3.25:
    version "3.4.9"
    resolved "https://registry.yarnpkg.com/uglify-js/-/uglify-js-3.4.9.tgz#af02f180c1207d76432e473ed24a28f4a782bae3"
    integrity sha512-8CJsbKOtEbnJsTyv6LE6m6ZKniqMiFWmm9sRbopbkGs3gMPPfd3Fh8iIA4Ykv5MgaTbqHr4BaoGLJLZNhsrW1Q==
    dependencies:
      commander "~2.17.1"
      source-map "~0.6.1"
  
  uniq@^1.0.1:
    version "1.0.1"
    resolved "https://registry.yarnpkg.com/uniq/-/uniq-1.0.1.tgz#b31c5ae8254844a3a8281541ce2b04b865a734ff"
    integrity sha1-sxxa6CVIRKOoKBVBzisEuGWnNP8=
  
  uniqs@^2.0.0:
    version "2.0.0"
    resolved "https://registry.yarnpkg.com/uniqs/-/uniqs-2.0.0.tgz#ffede4b36b25290696e6e165d4a59edb998e6b02"
    integrity sha1-/+3ks2slKQaW5uFl1KWe25mOawI=
  
  unquote@~1.1.1:
    version "1.1.1"
    resolved "https://registry.yarnpkg.com/unquote/-/unquote-1.1.1.tgz#8fded7324ec6e88a0ff8b905e7c098cdc086d544"
    integrity sha1-j97XMk7G6IoP+LkF58CYzcCG1UQ=
  
  update-check@1.5.2:
    version "1.5.2"
    resolved "https://registry.yarnpkg.com/update-check/-/update-check-1.5.2.tgz#2fe09f725c543440b3d7dabe8971f2d5caaedc28"
    integrity sha512-1TrmYLuLj/5ZovwUS7fFd1jMH3NnFDN1y1A8dboedIDt7zs/zJMo6TwwlhYKkSeEwzleeiSBV5/3c9ufAQWDaQ==
    dependencies:
      registry-auth-token "3.3.2"
      registry-url "3.1.0"
  
  uri-js@^4.2.1:
    version "4.2.2"
    resolved "https://registry.yarnpkg.com/uri-js/-/uri-js-4.2.2.tgz#94c540e1ff772956e2299507c010aea6c8838eb0"
    integrity sha512-KY9Frmirql91X2Qgjry0Wd4Y+YTdrdZheS8TFwvkbLWf/G5KNJDCh6pKL5OZctEW4+0Baa5idK2ZQuELRwPznQ==
    dependencies:
      punycode "^2.1.0"
  
  util.promisify@~1.0.0:
    version "1.0.0"
    resolved "https://registry.yarnpkg.com/util.promisify/-/util.promisify-1.0.0.tgz#440f7165a459c9a16dc145eb8e72f35687097030"
    integrity sha512-i+6qA2MPhvoKLuxnJNpXAGhg7HphQOSUq2LKMZD0m15EiskXUkMvKdF4Uui0WYeCUGea+o2cw/ZuwehtfsrNkA==
    dependencies:
      define-properties "^1.1.2"
      object.getownpropertydescriptors "^2.0.3"
  
  validate-npm-package-license@^3.0.1:
    version "3.0.4"
    resolved "https://registry.yarnpkg.com/validate-npm-package-license/-/validate-npm-package-license-3.0.4.tgz#fc91f6b9c7ba15c857f4cb2c5defeec39d4f410a"
    integrity sha512-DpKm2Ui/xN7/HQKCtpZxoRWBhZ9Z0kqtygG8XCgNQ8ZlDnxuQmWhj566j8fN4Cu3/JmbhsDo7fcAJq4s9h27Ew==
    dependencies:
      spdx-correct "^3.0.0"
      spdx-expression-parse "^3.0.0"
  
  vendors@^1.0.0:
    version "1.0.2"
    resolved "https://registry.yarnpkg.com/vendors/-/vendors-1.0.2.tgz#7fcb5eef9f5623b156bcea89ec37d63676f21801"
    integrity sha512-w/hry/368nO21AN9QljsaIhb9ZiZtZARoVH5f3CsFbawdLdayCgKRPup7CggujvySMxx0I91NOyxdVENohprLQ==
  
  which@^1.2.9:
    version "1.3.1"
    resolved "https://registry.yarnpkg.com/which/-/which-1.3.1.tgz#a45043d54f5805316da8d62f9f50918d3da70b0a"
    integrity sha512-HxJdYWq1MTIQbJ3nw0cqssHoTNU267KlrDuGZ1WYlxDStUtKUhOaJmh112/TZmHxxUfuJqPXSOm7tDyas0OSIQ==
    dependencies:
      isexe "^2.0.0"
